A.J._Catanzariti USA 1 26 10 12
Aaron_Addison AUS 2 26 19 15
Aaron_Cohen ISR 3 19 1 5
Aaron_Schmid SUI 4 21 1 6
Abdulhamid_Mubarak KUW 5 28 1 4
Abedallah_Shelbayh JOR 6 18 4 4
Abhinav_Sanjeev_Shanmugam IND 7 23 13 17
Abraham_Asaba GHA 8 24 1 3
Adam_Bronka AUS 9 22 1 3
Adam_El_Mihdawy USA 10 32 21 28
Adam_Heinonen SWE 11 19 1 1
Adam_Jones GBR 12 23 3 7
Adam_Jurajda CZE 13 18 4 9
Adam_Moundir MAR 14 26 18 12
Adam_Pavlasek CZE 15 27 49 27
Adelchi_Virgili ITA 16 32 3 12
Adil_Kalyanpur IND 17 22 6 16
Adit_Sinha USA 18 18 1 2
Admir_Kalender CRO 19 21 1 8
Adolfo_Daniel_Vallejo PAR 20 17 1 4
Adria_Soriano_Barrera ESP 21 22 26 13
Adrian_Andreev BUL 22 20 96 22
Adrian_Andrzejczuk POL 23 26 5 5
Adrian_Mannarino FRA 24 33 869 35
Adrian_Mateo_Bejenaru ROU 25 20 1 4
Adrian_Menendez-Maceiras ESP 26 36 106 27
Adrian_Obert GER 27 27 6 9
Adrian_Oetzbach GER 28 24 1 14
Adrien_Bossel SUI 29 35 1 2
Adrien_Gobat FRA 30 20 1 3
Afonso_Salgado POR 31 24 2 6
Agustin_Maria_Gascia ARG 32 25 1 2
Agustin_Riquelme ARG 33 22 1 6
Agustin_Velotti ARG 34 29 40 11
Ahmed_Choudhary PAK 35 28 2 2
Aidan_Mayo USA 36 18 4 11
Aidan_McHugh GBR 37 21 155 31
Ainius_Sabaliauskas LTU 38 18 1 5
Aissa_Benchakroun MAR 39 20 1 2
Ajay_Malik IND 40 19 1 1
Ajeet_Rai NZL 41 23 16 19
Akira_Santillan AUS 42 24 104 22
Akram_El_Sallaly EGY 43 24 1 9
Alafia_Ayeni USA 44 22 20 22
Alan_Bojarski POL 45 18 1 4
Alan_Fernando_Rubio_Fierros MEX 46 23 3 9
Alan_Kohen ARG 47 28 7 13
Alan_Postay ARG 48 25 1 5
Alastair_Gray GBR 49 23 154 20
Albano_Olivetti FRA 50 30 8 12
Albert_Alcaraz_Ivorra ESP 51 26 13 7
Albert_Ramos_Viñolas ESP 52 34 1221 35
Albert_Roglan ESP 53 23 6 18
Alberto_Barroso_Campos ESP 54 25 46 23
Alberto_Colas_Sanchez ESP 55 21 3 7
Aldin_Setkic BIH 56 34 118 40
Alec_Adamson USA 57 27 6 10
Alec_Beckley RSA 58 20 5 12
Alec_Deckers NED 59 21 26 21
Alejandro_Davidovich_Fokina ESP 60 22 1095 29
Alejandro_Garcia ESP 61 20 9 5
Alejandro_Gomez COL 62 30 54 24
Alejandro_Gonzalez COL 63 33 85 38
Alejandro_Hoyos COL 64 22 17 19
Alejandro_Manzanera_Pertusa ESP 65 19 8 14
Alejandro_Mendoza BOL 66 32 16 24
Alejandro_Moro_Canas ESP 67 21 82 17
Alejandro_Reguant ESP 68 23 1 1
Alejandro_Tabilo CHI 69 24 703 39
Alejo_Lorenzo_Lingua_Lavallen ARG 70 21 80 24
Alejo_Vilaro ARG 71 26 3 9
Aleksandar_Kovacevic USA 72 23 110 21
Aleksandar_Tomas AUT 73 18 3 9
Aleksandar_Vukic AUS 74 26 519 39
Aleksander_Orlikowski POL 75 18 2 9
Aleksandr_Braynin UKR 76 22 15 10
Aleksandr_Nedovyesov KAZ 77 35 41 11
Aleksandre_Bakshi GEO 78 24 13 12
Aleksandre_Metreveli GEO 79 28 38 27
Aleksei_Khomich BLR 80 25 2 6
Aleksi_Lofman FIN 81 20 1 3
Alen_Avidzba RUS 82 22 18 17
Alen_Rogic-Hadzalic CRO 83 24 10 10
Alessandro_Bega ITA 84 31 62 28
Alessandro_Ceppellini ITA 85 25 1 8
Alessandro_Coppini ITA 86 23 3 7
Alessandro_Dragoni ITA 87 24 1 1
Alessandro_Giannessi ITA 88 31 382 29
Alessandro_Ingarao ITA 89 22 17 22
Alessandro_Pecci ITA 90 21 4 5
Alessandro_Petrone ITA 91 31 4 12
Alessandro_Procopio ITA 92 24 3 5
Alessandro_Ragazzi ITA 93 25 23 16
Alessandro_Spadola ITA 94 19 1 1
Alex_Barrena ARG 95 19 9 19
Alex_Blumenberg BRA 96 29 4 7
Alex_Bolt AUS 97 29 315 24
Alex_Knaff LUX 98 24 9 10
Alex_Lawson USA 99 28 2 1
Alex_Marti_Pujolras ESP 100 23 49 34
Alex_Martinez ESP 101 21 5 8
Alex_Michelsen USA 102 17 3 1
Alex_Molcan SVK 103 24 1028 36
Alex_Rybakov USA 104 25 115 28
Alex_de_Miñaur AUS 105 23 1566 28
Alexandar_Lazarov BUL 106 24 99 32
Alexandar_Lazov BUL 107 31 1 1
Alexander_Bernard USA 108 18 10 17
Alexander_Boborykin RUS 109 25 2 7
Alexander_Brown USA 110 22 6 13
Alexander_Bublik KAZ 111 24 1238 36
Alexander_Cozbinov MDA 112 26 37 30
Alexander_Crnokrak AUS 113 22 9 13
Alexander_Donski BUL 114 23 60 33
Alexander_Erler AUT 115 24 104 27
Alexander_Hoogmartens BEL 116 19 2 3
Alexander_Jhun GBR 117 26 2 6
Alexander_Klintcharov NZL 118 25 2 4
Alexander_Knight USA 119 25 1 2
Alexander_Kotzen USA 120 21 6 6
Alexander_Lebedev USA 121 25 6 8
Alexander_Maarten_Jong NED 122 21 7 6
Alexander_Mannapov GER 123 26 1 2
Alexander_Merino PER 124 29 4 2
Alexander_Ovcharov RUS 125 23 2 5
Alexander_Pavlioutchenkov RUS 126 36 3 2
Alexander_Ritschard SUI 127 28 263 34
Alexander_Sarkissian USA 128 32 41 15
Alexander_Shevchenko RUS 129 21 177 35
Alexander_Vasilenko RUS 130 27 13 5
Alexander_Weis ITA 131 24 77 38
Alexander_Zgirovsky BLR 132 20 7 7
Alexander_Zhurbin RUS 133 30 18 14
Alexander_Zverev GER 134 24 7195 23
Alexandr_Binda RUS 135 20 4 14
Alexandr_Igoshin RUS 136 30 6 9
Alexandre_Aubriot FRA 137 22 3 7
Alexandre_Muller FRA 138 25 275 40
Alexandre_Peyrot FRA 139 27 1 3
Alexandre_Reco FRA 140 22 16 5
Alexandre_Rotsaert USA 141 22 2 3
Alexandros_Skorilas GRE 142 22 6 20
Alexandru_Vasile_Manole ROU 143 23 1 4
Alexei_Popyrin AUS 144 22 691 30
Alexey_Vatutin RUS 145 29 170 39
Alexey_Zakharov RUS 146 21 10 12
Alexis_Boureau FRA 147 25 4 9
Alexis_Canter GBR 148 23 7 27
Alexis_Galarneau CAN 149 23 142 25
Alexis_Gautier FRA 150 25 132 29
Alexis_Musialek FRA 151 33 38 36
Alfredo_Perez USA 152 24 39 21
Aliaksandr_Bulitski BLR 153 28 16 14
Aliaksandr_Liaonenka BLR 154 23 6 18
Alibek_Kachmazov RUS 155 19 89 21
Aljaz_Bedene SLO 156 32 390 15
Allan_Deschamps FRA 157 20 2 4
Alon_Elia ISR 158 26 1 2
Altug_Celikbilek TUR 159 25 342 31
Alvaro_Guillen_Meza ECU 160 19 9 12
Alvaro_Lopez_San_Martin ESP 161 24 93 19
Alvaro_Saez-Royuela_Ariza ESP 162 21 1 3
Amador_Salazar CHI 163 21 1 2
Amaury_Delmas FRA 164 24 2 7
Amaury_Raynel FRA 165 19 3 11
Ameur_Ben_Hassen TUN 166 28 1 3
Amine_Ahouda MAR 167 24 1 1
Amr_Asrawy EGY 168 23 9 12
Anas_Fattar MAR 169 34 7 9
Anatoliy_Petrenko UKR 170 26 2 4
Andre_Gaspar_Murta POR 171 27 2 5
Andre_Miele BRA 172 34 3 7
Andrea_Arnaboldi ITA 173 34 240 40
Andrea_Basso ITA 174 28 43 30
Andrea_Bessire ITA 175 22 1 6
Andrea_Bolla ITA 176 23 6 6
Andrea_Collarini ARG 177 30 217 43
Andrea_Del_Federico ITA 178 22 2 11
Andrea_Gola ITA 179 20 5 6
Andrea_Guerrieri ITA 180 23 12 19
Andrea_Pellegrino ITA 181 25 287 37
Andrea_Picchione ITA 182 23 24 24
Andrea_Vavassori ITA 183 26 226 27
Andreas_Seppi ITA 184 38 468 32
Andrej_Glvac SVK 185 25 2 6
Andrej_Martin SVK 186 32 495 46
Andrej_Nedic BIH 187 17 1 2
Andreja_Petrovic NOR 188 22 1 2
Andres_Andrade ECU 189 23 3 5
Andres_Artunedo_Martinavarro ESP 190 28 33 11
Andres_Gabriel_Ciurletti ITA 191 24 1 5
Andres_Urrea COL 192 27 2 9
Andrew_Dale USA 193 20 1 1
Andrew_Fenty USA 194 22 7 7
Andrew_Harris AUS 195 28 93 17
Andrew_Paulson CZE 196 20 61 28
Andrew_Watson GBR 197 25 7 8
Andrey_Chepelev RUS 198 23 65 43
Andrey_Golubev KAZ 199 34 14 13
Andrey_Kuznetsov RUS 200 31 240 22
Andrey_Rublev RUS 201 24 4375 27
Andy_Murray GBR 202 34 783 22
Angel_Diaz_Jalil ECU 203 20 1 2
Anirudh_Chandrasekar IND 204 23 5 14
Anis_Ghorbel TUN 205 32 2 8
Ante_Pavic CRO 206 33 10 9
Anthony_Genov BUL 207 20 2 8
Antoine_Bellier SUI 208 25 70 31
Antoine_Cornut-Chauvinc FRA 209 21 30 17
Antoine_Escoffier FRA 210 30 255 40
Antoine_Monaco FRA 211 24 1 6
Antoine_Vincent FRA 212 23 1 4
Anton_Chekhov RUS 213 29 2 5
Anton_Matusevich GBR 214 20 87 20
Antonie_Hoang FRA 215 26 253 34
Antonin_Bolardt CZE 216 23 4 6
Antonio_Campo ITA 217 28 7 4
Antonio_Cayetano_March ECU 218 21 35 36
Antonio_Massara ITA 219 26 9 18
Antonio_Muniz_Hidalgo ESP 220 22 1 2
Antun_Vidak CRO 221 28 1 3
Anurag_Nenwani IND 222 23 1 2
Aristarkh_Safonov RUS 223 19 4 3
Aristotelis_Thanos GRE 224 21 6 14
Arjun_Kadhe IND 225 28 57 16
Arklon_Huertas_Del_Pino_Cordova PER 226 27 31 28
Arnaud_Bovy BEL 227 21 36 29
Aron_Hiltzik USA 228 25 1 5
Aron_Pierce USA 229 25 3 8
Arsenije_Zlatanovic SRB 230 32 1 1
Artem_Dubrivnyy RUS 231 23 48 22
Artem_Podorozhnyi UKR 232 18 2 2
Artem_Smirnov UKR 233 34 7 4
Arthur_Bouquier FRA 234 21 22 25
Arthur_Cazaux FRA 235 19 170 20
Arthur_De_Greef BEL 236 30 34 5
Arthur_Fery GBR 237 19 32 10
Arthur_Fils FRA 238 17 87 20
Arthur_Gea FRA 239 17 1 2
Arthur_Reymond FRA 240 23 43 31
Arthur_Rinderknech FRA 241 26 948 41
Arthur_Weber FRA 242 29 1 2
Artur_Shakhnubaryan RUS 243 25 2 2
Arturs_Lazdins LAT 244 25 2 4
Arvid_Nordquist SWE 245 23 4 12
Aryan_Goveas IND 246 23 4 13
Asdrubal_Gobernate BRA 247 26 1 1
Aslan_Karatsev RUS 248 28 1428 34
Atharva_Sharma IND 249 21 2 3
Attila_Balazs HUN 250 33 221 14
Attila_Boros HUN 251 18 1 2
August_Holmgren DEN 252 23 22 8
Augusto_Virgili ITA 253 27 1 4
Austin_Ansari_Ansari USA 254 28 3 7
Austin_Rapp USA 255 25 9 11
Axel_Garcian FRA 256 19 17 15
Axel_Geller ARG 257 23 13 5
Axel_Nefve USA 258 21 5 5
Aziz_Dougaz TUN 259 25 95 36
Aziz_Kijametovic BIH 260 25 1 5
Aziz_Ouakaa TUN 261 22 13 34
Baptiste_Crepatte FRA 262 27 25 18
Baran_Cengiz TUR 263 20 2 7
Bart_Stevens NED 264 24 7 11
Bart_Van_Den_Berg NED 265 28 5 7
Bastian_Malla CHI 266 25 65 26
Bastien_Presuhn GER 267 21 1 6
Bautista_Vilicich ARG 268 20 5 6
Beibit_Zhukayev KAZ 269 21 63 24
Bekkhan_Atlangeriev RUS 270 21 8 7
Ben_Jones GBR 271 23 7 17
Ben_Patael ISR 272 24 66 29
Ben_Shelton USA 273 19 54 8
Ben_Weintraub ISR 274 18 1 1
Benard_Bruno_Nkomba AUS 275 22 1 3
Benito_Sanchez_Martinez GER 276 19 1 5
Benjamin_Bonzi FRA 277 25 905 35
Benjamin_Dhoe BEL 278 25 13 18
Benjamin_Hannestad DEN 279 25 5 3
Benjamin_Hassan LIB 280 27 153 26
Benjamin_Kittay USA 281 18 1 2
Benjamin_Lock ZIM 282 29 79 41
Benjamin_Niv BUL 283 21 1 1
Benjamin_Pietri FRA 284 25 10 12
Benjamin_Sigouin CAN 285 22 14 10
Benjamin_Winter_Lopez ESP 286 23 35 25
Benoit_Paire FRA 287 32 912 38
Berk_Ilkel TUR 288 20 5 9
Bernabé_Zapata_Miralles ESP 289 25 535 35
Bernard_Tomic AUS 290 29 113 18
Bernardo_Saraiva POR 291 28 1 6
Besir_Durguti MKD 292 28 1 5
Bharath_Nishok_Kumaran IND 293 24 3 3
Biagio_Gramaticopolo ITA 294 20 6 8
Billy_Harris GBR 295 27 102 29
Bingyu_Yu CHN 296 23 1 4
Bjorn_Fratangelo USA 297 28 337 27
Blaise_Bicknell JAM 298 20 9 13
Blake_Ellis AUS 299 23 18 18
Blaz_Kavcic SLO 300 35 18 6
Blaz_Rola SLO 301 31 249 28
Blu_Baker GBR 302 20 23 16
Bogdan_Bobrov RUS 303 24 75 38
Bogdan_Borza ROU 304 25 4 12
Bogdan_Ionut_Apostol ROU 305 26 60 30
Bogdan_Pavel ROU 306 22 2 5
Bor_Artnak SLO 307 17 1 1
Boris_Arias BOL 308 28 3 11
Boris_Butulija SRB 309 23 10 27
Boris_Fassbender FRA 310 24 2 6
Boris_Pokotilov RUS 311 24 7 18
Borna_Coric CRO 312 25 294 12
Borna_Gojo CRO 313 24 249 32
Borys_Zgola POL 314 18 1 2
Botic_Van_de_Zandschulp NED 315 26 1161 33
Bozo_Barun CRO 316 21 6 12
Bradley_Frye USA 317 21 1 1
Bradley_Klahn USA 318 31 87 9
Bradley_Paliska FRA 319 19 1 4
Brandon_Holt USA 320 24 70 16
Brandon_Murphy GBR 321 21 2 3
Brandon_Nakashima USA 322 20 815 23
Brandon_Perez VEN 323 22 1 6
Brandon_Walkin AUS 324 27 16 15
Brayden_Schnur CAN 325 26 231 32
Bruno_Kuzuhara USA 326 18 12 15
Bruno_Pujol_Navarro ESP 327 20 14 20
Bruno_Sant'anna BRA 328 28 12 12
Brydan_Klein GBR 329 32 10 11
Bu_Yunchaokete CHN 330 20 9 11
Bulat_Galiev RUS 331 24 2 4
Buvaysar_Gadamauri BEL 332 21 11 14
Caio_Gruber BRA 333 21 2 5
Calin_Manda ROU 334 24 22 19
Calum_Puttergill AUS 335 28 6 10
Calvin_Hemery FRA 336 27 122 24
Cameron_Green AUS 337 25 4 7
Cameron_Henricy_Trigolos ESP 338 21 1 1
Cameron_Norrie GBR 339 26 3440 27
Camilo_Ugo_Carabelli ARG 340 22 355 36
Cannon_Kingsley USA 341 20 43 14
Carl_Emil_Overbeck DEN 342 20 1 1
Carles_Batlle ESP 343 21 1 2
Carles_Hernandez ESP 344 20 1 5
Carlos_Alcaraz ESP 345 18 3320 19
Carlos_Boluda-Purkiss ESP 346 29 25 13
Carlos_Gimeno_Valero ESP 347 20 118 16
Carlos_Gomez-Herrera ESP 348 31 74 26
Carlos_Hassey USA 349 22 1 2
Carlos_Lopez_Montagud ESP 350 21 74 33
Carlos_Sanchez_Jover ESP 351 21 92 39
Carlos_Taberner ESP 352 24 714 36
Carson_Gates USA 353 21 1 1
Carson_Haskins USA 354 22 2 2
Casper_Ruud NOR 355 23 4380 27
Cedrik-Marcel_Stebe GER 356 31 280 23
Cem_Ilkel TUR 357 26 311 30
Cengiz_Aksu TUR 358 23 3 9
Cesar_Bourgois FRA 359 24 8 7
Cezar_Cretu ROU 360 20 74 24
Chad_Kissell USA 361 25 2 9
Chak_Lam_Coleman_Wong HKG 362 17 9 12
Chanchai_Sookton-eng THA 363 25 4 10
Charl_Morgan RSA 364 20 2 4
Charlelie_Cosnet FRA 365 19 1 2
Charles_Broom GBR 366 23 67 19
Charles_Tzicas BEL 367 23 1 2
Charlie_Camus AUS 368 15 3 5
Chayanon_Kaewsuto THA 369 26 2 3
Cheng-Yu_Yu TPE 370 27 7 7
Cheong-Eui_Kim KOR 371 32 12 12
Chien-hsun_Lo TPE 372 23 6 20
Chris_Rodesch LUX 373 20 3 1
Christian_Didier_Chin MAS 374 21 1 2
Christian_Harrison USA 375 27 164 19
Christian_Lakoseljac CAN 376 23 2 4
Christian_Langmo USA 377 25 75 39
Christian_Lerby NED 378 20 2 2
Christian_Lindell SWE 379 30 40 15
Christian_Oliveira BRA 380 22 5 6
Christian_Samuelsson SWE 381 26 2 3
Christian_Seraphim GER 382 26 1 1
Christian_Sigsgaard DEN 383 25 21 13
Christoffer_Solberg SWE 384 28 4 10
Christoph_Negritu GER 385 28 32 21
Christopher_Eubanks USA 386 25 406 31
Christopher_Heyman BEL 387 28 98 31
Christopher_O'Connell AUS 388 27 417 30
Chuhan_Wang CHN 389 30 4 3
Chukang_Wang CHN 390 22 5 8
Chun-hsin_Tseng TPE 391 20 524 37
Cing-Yang_Meng TPE 392 23 1 6
Clay_Crawford GBR 393 27 1 1
Cleeve_Harper CAN 394 21 1 2
Clement_Chidekh FRA 395 21 61 6
Clement_Deleersnyder FRA 396 20 1 1
Clement_Geens BEL 397 26 1 3
Clement_Larriere FRA 398 24 1 2
Clement_Tabur FRA 399 22 101 31
Colin_Markes USA 400 25 11 15
Colin_Sinclair NMI 401 27 30 27
Colin_Van_Beem NED 402 29 1 4
Collin_Altamirano USA 403 26 25 11
Congsup_Congcar THA 404 25 4 5
Conner_Huertas_del_pino PER 405 26 43 35
Connor_Farren USA 406 27 15 21
Conor_Berg USA 407 30 2 5
Constant_De_La_Bassetiere FRA 408 24 1 2
Constant_Lestienne FRA 409 29 312 30
Constantin_Bittoun_Kouzmine FRA 410 23 15 31
Constantin_Frantzen GER 411 24 2 5
Constantin_Schmitz GER 412 26 13 14
Cooper_Errey AUS 413 16 1 1
Corentin_Denolly FRA 414 24 77 36
Corentin_Moutet FRA 415 22 605 25
Courtney_John_Lock ZIM 416 25 1 6
Cristian_Garín CHI 417 25 1418 28
Cristian_Lozan RUS 418 23 10 11
Cristian_Rodriguez COL 419 31 92 32
Cristobal_Castro CHI 420 28 4 4
Cyril_Vandermeersch FRA 421 22 4 6
Daiki_Yoshimura JPN 422 20 1 4
Daisuke_Sumizawa JPN 423 23 9 21
Dali_Blanch USA 424 19 16 22
Dalibor_Svrcina CZE 425 19 210 26
Dalwinder_Singh IND 426 25 6 7
Damien_Bayard FRA 427 26 1 3
Damien_Wenger SUI 428 22 76 29
Damir_Dzumhur BIH 429 29 445 37
Dan_Added FRA 430 22 117 41
Dan_Alexandru_Tomescu ROU 431 23 16 21
Dan_Martin CAN 432 22 1 3
Dane_Sweeny AUS 433 21 105 31
Daniel_Altmaier GER 434 23 870 43
Daniel_Antonio_Nunez CHI 435 20 14 13
Daniel_Bagnolini ITA 436 19 2 4
Daniel_Batista POR 437 23 4 11
Daniel_Brands GER 438 34 14 4
Daniel_Cox GBR 439 31 51 10
Daniel_Cukierman ISR 440 26 47 20
Daniel_De_Jonge NED 441 22 9 10
Daniel_Dutra_da_Silva BRA 442 33 174 38
Daniel_Elahi_Galán COL 443 25 505 34
Daniel_Evans GBR 444 31 1557 31
Daniel_Gimeno-Traver ESP 445 36 36 13
Daniel_Ibragimov RUS 446 19 2 5
Daniel_Little GBR 447 24 23 18
Daniel_Masur GER 448 27 245 29
Daniel_Merida_Aguilar ESP 449 17 32 17
Daniel_Michalski POL 450 22 174 33
Daniel_Mora COL 451 25 1 2
Daniel_Munoz-De_La_Nava ESP 452 40 2 2
Daniel_Nguyen USA 453 31 21 4
Daniel_Paty CZE 454 22 1 6
Daniel_Rincon ESP 455 19 18 19
Daniel_Rodrigues POR 456 22 17 7
Daniel_Siniakov CZE 457 19 7 13
Daniele_Capecchi ITA 458 26 42 25
Daniele_Minighini ITA 459 17 1 1
Daniil_Glinka EST 460 21 13 30
Daniil_Medvedev RUS 461 26 8410 23
Daniil_Ostapenkov BLR 462 18 1 7
Danilo_Petrovic SRB 463 30 100 23
Dante_Gennaro ITA 464 28 2 9
Danylo_Kalenichenko UKR 465 28 44 24
Danylo_Veremeychuk UKR 466 25 1 1
Darian_King BAR 467 29 91 13
Darko_Bojanovic BIH 468 25 1 3
Darko_Jandric SRB 469 27 3 11
Darwin_Blanch USA 470 14 1 1
David_Agung_Susanto INA 471 30 2 4
David_Barclay AUS 472 31 1 3
David_Fox GBR 473 28 3 5
David_Goffin BEL 474 31 1093 25
David_Hough AUS 475 24 1 2
David_Jorda_Sanchis ESP 476 27 11 14
David_Pichler AUT 477 26 53 32
David_Poljak CZE 478 25 104 38
David_Vega_Hernandez ESP 479 27 2 2
Davide_Albertoni ITA 480 26 1 1
Davide_Galoppini ITA 481 27 30 35
Davide_Innocenti ITA 482 22 1 2
Davide_Pontoglio ITA 483 29 1 4
Davide_Tortora ITA 484 21 1 5
Dax_Donders NED 485 21 4 6
Dayne_Kelly AUS 486 31 68 22
Dejan_Katic SRB 487 34 5 6
Demetris_Azoides GRE 488 21 2 2
Deney_Wassermann NED 489 21 10 8
Deni_Zmak CRO 490 32 1 2
Denis_Istomin UZB 491 35 164 31
Denis_Kudla USA 492 29 795 36
Denis_Parshutin UKR 493 22 1 2
Denis_Shapovalov CAN 494 22 2693 26
Denis_Yevseyev KAZ 495 28 125 39
Dennis_Novak AUT 496 28 428 33
Dennis_Novikov USA 497 28 10 11
Dennis_Uspensky USA 498 25 9 10
Denys_Klok RUS 499 23 31 33
Dev_Javia IND 500 20 10 12
Devin_Badenhorst RSA 501 17 1 3
Dhakshineswar_Suresh IND 502 22 2 1
Dhruv_Sunish IND 503 22 2 5
Di_Wu CHN 504 30 16 8
Diego_Augusto_Barreto_Sanchez ESP 505 19 25 18
Diego_Fernandez_Flores CHI 506 21 18 21
Diego_Hidalgo ECU 507 28 40 25
Diego_Schwartzman ARG 508 29 2580 26
Digvijaypratap_Singh IND 509 21 9 12
Dimitar_Kuzmanov BUL 510 28 275 30
Dimitriy_Voronin RUS 511 22 4 8
Din_Karahodza GER 512 19 1 1
Dino_Prizmic CRO 513 16 10 4
Diogo_Marques POR 514 22 1 3
Divij_Sharan IND 515 36 2 1
Djurabeck_Karimov UZB 516 23 6 5
Dmitriy_Kamynin UKR 517 32 1 2
Dmitry_Popko KAZ 518 25 345 35
Domagoj_Biljesko CRO 519 24 9 14
Dominic_Stephan_Stricker SUI 520 19 333 20
Dominic_Thiem AUT 521 28 1020 13
Dominik_Boehler GER 522 26 37 26
Dominik_Kellovsky CZE 523 25 1 8
Dominik_Koepfer GER 524 27 899 33
Dominik_Langmajer CZE 525 22 2 3
Dominik_Nazaruk POL 526 25 1 2
Dominik_Palan CZE 527 21 32 25
Dominik_Recek CZE 528 27 4 11
Donald_Young USA 529 32 43 20
Dong_Ju_Kim KOR 530 20 3 8
Dostanbek_Tashbulatov KAZ 531 21 17 32
Dragos_Constantin_Ignat ROU 532 29 3 10
Dragos_Dima ROU 533 29 9 11
Dragos_Nicolae_Madaras SWE 534 24 135 35
Drew_Baird USA 535 21 6 7
Duarte_Vale POR 536 23 31 15
Duckhee_Lee KOR 537 23 100 28
Dudi_Sela ISR 538 37 107 9
Duilio_Vallebuona PER 539 29 1 3
Duje_Ajdukovic CRO 540 21 212 32
Duje_Kekez CRO 541 29 14 22
Dusan_Lajovic SRB 542 31 1056 32
Dusan_Obradovic SRB 543 21 6 8
Dusan_Rajic SRB 544 22 1 8
Dustin_Brown GER 545 37 53 10
Dusty_H._Boyer USA 546 28 21 30
Dylan_Salton RSA 547 19 7 7
Edan_Leshem ISR 548 25 57 25
Edas_Butvilas LTU 549 17 2 7
Edoardo_Eremin ITA 550 28 11 9
Edoardo_Graziani ITA 551 22 6 7
Edoardo_Lavagno ITA 552 23 106 26
Edoardo_Zanada ITA 553 21 2 4
Edouard_Villoslada FRA 554 22 4 9
Eduard_Esteve_Lobato ESP 555 27 173 30
Eduardo_Nava USA 556 25 14 3
Eduardo_Ribeiro BRA 557 24 18 16
Eduardo_Roldan MEX 558 23 1 3
Eduardo_Struvay COL 559 31 24 9
Edward_Hubner GBR 560 23 1 3
Edward_Winter AUS 561 17 9 3
Eero_Vasa FIN 562 25 5 10
Egor_Agafonov RUS 563 19 5 9
Egor_Gerasimov BLR 564 29 402 32
Egor_Noskin RUS 565 21 2 5
Egor_Novikov RUS 566 20 3 4
Eliakim_Coulibaly CIV 567 19 53 19
Elias_Ymer SWE 568 26 499 32
Eliot_Spizzirri USA 569 20 38 7
Elliot_Benchetrit MAR 570 23 83 26
Elmar_Ejupovic GER 571 29 96 30
Elmer_Moller DEN 572 18 2 6
Emil_Reinberg USA 573 24 23 14
Emil_Ruusuvuori FIN 574 23 797 37
Emile_Hudd GBR 575 21 1 2
Emiliano_Maggioli ITA 576 20 28 24
Emilien_Voisin FRA 577 21 8 9
Emilio_Gomez ECU 578 30 497 38
Emilio_Nava USA 579 20 117 20
Emmanuel_Luria ISR 580 23 1 3
Emmett_Ward_IV USA 581 26 1 5
Enrico_Dalla_Valle ITA 582 24 29 15
Enrique_Bogo BRA 583 26 8 17
Enrique_Pena COL 584 18 1 5
Enzo_Couacaud FRA 585 27 330 31
Enzo_Wallart FRA 586 25 19 10
Ergi_Kirkin TUR 587 23 125 37
Eric_Hadigian USA 588 22 2 4
Eric_Vanshelboim UKR 589 20 58 30
Erik_Arutiunian BLR 590 17 8 11
Erik_Crepaldi ITA 591 31 26 27
Ernesto_Escobedo USA 592 25 442 28
Ernests_Gulbis LAT 593 33 122 21
Errol_Smith USA 594 27 5 9
Essa_Qabazard KUW 595 20 1 4
Ethan_Denzel_Sibanda ZIM 596 17 1 3
Ethan_Quinn USA 597 18 8 4
Evan_Bynoe USA 598 22 2 2
Evan_Furness FRA 599 23 174 39
Evan_Hoyt GBR 600 27 11 12
Evan_King USA 601 30 44 18
Evan_Song USA 602 29 12 12
Evan_Zhu USA 603 23 66 34
Evgeny_Donskoy RUS 604 31 276 28
Evgeny_Karlovskiy RUS 605 27 175 32
Evgeny_Philippov RUS 606 20 8 13
Evgeny_Tyurnev RUS 607 25 110 29
Ezekiel_Clark USA 608 23 40 30
Ezequiel_Simonit ARG 609 20 1 6
Fabian_Hansch_Mauritzson SWE 610 25 1 1
Fabian_Marozsan HUN 611 22 140 31
Fabien_Reboul FRA 612 26 10 13
Fabio_Coelho POR 613 21 15 21
Fabio_Fognini ITA 614 34 1361 26
Fabrizio_Andaloro ITA 615 21 4 4
Fabrizio_Ornago ITA 616 29 20 16
Facundo_Argüello ARG 617 29 33 8
Facundo_Arias_Bisso ARG 618 23 1 7
Facundo_Bagnis ARG 619 32 716 34
Facundo_Diaz_Acosta ARG 620 21 147 37
Facundo_Juarez ARG 621 24 124 39
Facundo_Mena ARG 622 29 386 42
Facundo_Yunis GER 623 19 2 7
Faisal_Qamar IND 624 22 4 3
Fajing_Sun CHN 625 25 40 12
Faris_Zakaryia EGY 626 20 3 14
Farzin_Danny_Amiri USA 627 26 2 2
Fausto_Tabacco ITA 628 19 7 11
Federico_Agustin_Gomez ARG 629 25 30 14
Federico_Arnaboldi ITA 630 21 52 18
Federico_Bertuccioli ITA 631 23 4 12
Federico_Campana ITA 632 23 3 8
Federico_Coria ARG 633 30 981 41
Federico_Delbonis ARG 634 31 1279 33
Federico_Gaio ITA 635 30 316 42
Federico_Iannaccone ITA 636 23 32 24
Federico_Marchetti ITA 637 21 2 6
Federico_Mirgone ARG 638 21 1 3
Federico_Moreno ARG 639 27 2 5
Federico_Salomone ITA 640 20 2 6
Federico_Zeballos BOL 641 33 40 24
Feliciano_López ESP 642 40 562 24
Felipe_Derdoy ARG 643 25 2 4
Felipe_Hernandez CHI 644 22 5 2
Felipe_Mantilla COL 645 28 4 4
Felipe_Meligeni_Rodrigues_Alves BRA 646 24 293 36
Felipe_Santamaria COL 647 25 1 7
Felix_Auger-Aliassime CAN 648 21 3625 26
Felix_Corwin USA 649 25 68 37
Felix_Einig GER 650 0 1 1
Felix_Gill GBR 651 19 70 25
Fermin_Tenti ARG 652 24 29 43
Fernando_Verdasco ESP 653 38 558 34
Fernando_Yamacita BRA 654 24 11 7
Filip_Bergevi SWE 655 27 22 32
Filip_Cristian_Jianu ROU 656 20 155 40
Filip_Duda CZE 657 23 10 15
Filip_Horansky SVK 658 29 311 33
Filip_Kolasinski POL 659 21 2 5
Filip_Krajinovic SRB 660 30 1171 27
Filip_Misolic AUT 661 20 150 21
Filip_Peliwo POL 662 28 103 33
Filip_Pieczonka POL 663 18 1 4
Filipe_Brandao BRA 664 30 2 3
Filippo_Baldi ITA 665 26 85 25
Filippo_Moroni ITA 666 21 5 8
Finn_Bass GBR 667 22 3 7
Finn_Tearney NZL 668 31 2 4
Flavio_Cobolli ITA 669 19 434 29
Flemming_Peters GER 670 26 1 6
Fletcher_Scott USA 671 23 9 17
Florent_Bax FRA 672 22 13 20
Florent_Diep FRA 673 30 1 5
Florian_Broska GER 674 24 1 2
Florian_Lakat FRA 675 26 3 7
Fouad_Behbehani KUW 676 21 1 1
Frances_Tiafoe USA 677 24 1488 27
Francesco_Forti ITA 678 22 146 36
Francesco_Maestrelli ITA 679 19 32 18
Francesco_Passaro ITA 680 21 121 26
Francesco_Vilardo ITA 681 32 32 37
Francisco_Andreu_Garcia ESP 682 21 8 11
Francisco_Cabral POR 683 25 12 15
Francisco_Cerundolo ARG 684 23 1018 36
Francisco_Comesana ARG 685 21 122 27
Francisco_Dias POR 686 29 2 3
Francisco_Llanes URU 687 19 5 7
Francisco_Rocha POR 688 22 1 5
Francisco_Vittar ARG 689 22 1 4
Franco_Agamenone ITA 690 28 345 28
Franco_Capalbo ARG 691 24 1 2
Franco_Emanuel_Egea ARG 692 26 27 22
Franco_Feitt ARG 693 29 2 4
Franco_Ribero ARG 694 22 1 4
Franco_Roncadelli URU 695 22 6 15
Frane_Nincevic CRO 696 22 6 12
François_Musitelli FRA 697 23 1 2
Frazier_Rengifo COL 698 23 1 1
Frederico_Ferreira_Silva POR 699 27 219 33
Frederico_Gil POR 700 37 19 15
Gabi_Adrian_Boitan ROU 701 22 30 7
Gabor_Borsos HUN 702 30 3 3
Gabriel_Alejandro_Hidalgo ARG 703 31 18 10
Gabriel_Ciro_Da_Silva BRA 704 22 7 12
Gabriel_Debru FRA 705 16 14 7
Gabriel_Decamps BRA 706 22 110 19
Gabriel_Diallo CAN 707 20 12 4
Gabriel_Donev BUL 708 25 19 21
Gabriel_Evans USA 709 25 1 5
Gabriel_Petit FRA 710 26 12 12
Gabriel_Roveri_Sidney BRA 711 24 3 6
Gabriel_Tumasonis BRA 712 26 5 4
Gabriele_Bosio ITA 713 21 11 17
Gabriele_Maria_Noce ITA 714 26 14 21
Gabriele_Moghini SUI 715 25 1 7
Gabriele_Pennaforti ITA 716 21 1 4
Gabriele_Piraino ITA 717 18 13 12
Gael_Monfils FRA 718 35 1768 25
Gage_Brymer USA 719 27 57 48
Garrett_Johns USA 720 21 6 10
Gastao_Elias POR 721 31 405 30
Gauthier_Onclin BEL 722 21 38 27
Genaro_Alberto_Olivieri ARG 723 23 190 35
Gengo_Kikuchi JPN 724 30 7 4
Geoffrey_Blancaneaux FRA 725 23 262 39
George_Botezan ROU 726 25 4 14
George_Goldhoff USA 727 27 1 6
George_Houghton GBR 728 23 2 3
George_Lazarov BUL 729 17 1 2
George_Loffhagen GBR 730 20 3 8
George_Tsivadze GEO 731 29 7 15
Georgii_Kravchenko UKR 732 21 80 32
Gerald_Melzer AUT 733 31 208 18
Gerard_Campana_Lee KOR 734 17 1 2
Gerard_Granollers ESP 735 33 7 5
Gerard_Planelles_Ripoll ESP 736 18 2 5
Gerardo_Lopez_Villasenor MEX 737 26 36 21
Gergely_Madarasz HUN 738 27 57 27
Giacomo_Dambrosi ITA 739 20 16 9
Giacomo_Revelli GBR 740 20 1 4
Gian_Marco_Moroni ITA 741 24 327 37
Gian_Marco_Ortenzi ITA 742 22 4 10
Gianluca_Acquaroli ITA 743 27 8 5
Gianluca_Ballotta PER 744 18 1 3
Gianluca_Beghi ITA 745 30 1 1
Gianluca_Di_Nicola ITA 746 26 6 7
Gianluca_Mager ITA 747 27 608 36
Gianluigi_Quinzi ITA 748 26 12 7
Gianmarco_Ferrari ITA 749 21 35 16
Gianni_Mina FRA 750 30 4 3
Gianni_Ross USA 751 23 3 5
Giannicola_Misasi ITA 752 21 1 4
Gibril_Diarra AUT 753 31 4 6
Gijs_Brouwer NED 754 26 171 38
Gilad_Tamar ISR 755 21 1 4
Gilbert_Klier_Junior BRA 756 21 104 34
Giles_Hussey GBR 757 24 24 13
Gilles_Simon FRA 758 37 407 34
Giorgio_Ricca ITA 759 27 12 25
Giorgio_Tabacco ITA 760 18 10 12
Giovani_Samaha LIB 761 27 4 5
Giovanni_Calvano ITA 762 24 3 6
Giovanni_Fonio ITA 763 23 81 31
Giovanni_Mpetshi_Perricard FRA 764 18 48 21
Giovanni_Oradini ITA 765 24 54 17
Giovanni_Rizzuti ITA 766 26 2 3
Giulio_Zeppieri ITA 767 20 239 30
Giuseppe_La_Vela ITA 768 21 2 6
Giuseppe_Tresca ITA 769 23 1 6
Gleb_Blekher CAN 770 21 2 4
Gleb_Sakharov FRA 771 33 23 15
Glenn_Smits NED 772 31 1 3
Go_Soeda JPN 773 37 190 28
Gokul_Suresh IND 774 25 1 2
Goncalo_Falcao POR 775 34 3 9
Goncalo_Oliveira POR 776 27 180 51
Gonzalo_Achondo CHI 777 24 1 5
Gonzalo_Bueno PER 778 18 3 7
Gonzalo_Escobar ECU 779 33 19 10
Gonzalo_Lama CHI 780 28 203 24
Gonzalo_Villanueva ARG 781 27 108 37
Goran_Markovic SRB 782 26 3 8
Goran_Zivotic SRB 783 20 1 2
Gorazd_Srbljak MKD 784 24 13 29
Govind_Nanda USA 785 21 95 14
Gregoire_Barrere FRA 786 28 236 25
Gregoire_Jacq FRA 787 29 6 5
Grigor_Dimitrov BUL 788 30 1458 24
Grigoriy_Lomakin KAZ 789 24 20 40
Gui_Gomes USA 790 24 1 4
Guido_Andreozzi ARG 791 30 167 24
Guido_Ivan_Justo ARG 792 24 8 15
Guido_Pella ARG 793 31 671 21
Guilherme_Clezar BRA 794 29 19 14
Guillaume_Dermiens BEL 795 22 1 7
Guillermo_García-López ESP 796 38 49 11
Gustaf_Strom SWE 797 20 1 2
Gustav_Hansson SWE 798 26 8 3
Gustavo_Heide BRA 799 20 84 19
Guy_Den_Heijer NED 800 25 16 18
Guy_Den_Ouden NED 801 20 71 23
Guy_Orly_Iradukunda BDI 802 26 28 24
Hady_Habib LIB 803 23 98 27
Hai_tong_Xia CHN 804 26 4 5
Hamad_Medjedovic SRB 805 18 69 18
Hamid_Reza_Nadaf IRI 806 29 4 10
Hamza_Karmoussi MAR 807 28 1 2
Hanwen_Li CHN 808 19 33 17
Hanyi_Liu CHN 809 20 4 11
Hao_Yuan_Ng SGP 810 27 1 3
Haoyuan_Huang CHN 811 19 2 6
Harold_Mayot FRA 812 20 89 25
Harri_Heliovaara FIN 813 32 11 5
Harrison_Adams USA 814 27 7 6
Harry_Bourchier AUS 815 26 27 12
Harry_Wendelken GBR 816 20 35 18
Haru_Inoue JPN 817 25 7 3
Hasan_Ibrahim GER 818 26 2 6
Hayato_Kudo JPN 819 23 1 1
Hayden_Jones AUS 820 15 2 2
Hazem_Naw SYR 821 22 32 12
Hendrik_Jebens GER 822 26 1 10
Henri_Laaksonen SUI 823 30 732 30
Henri_Squire GER 824 21 121 25
Henrik_Heise_Korsgaard DEN 825 25 2 2
Henrique_Hamamoto_Ushizima BRA 826 17 1 1
Henrique_Rocha POR 827 18 4 5
Henry_Craig USA 828 27 11 9
Henry_Patten GBR 829 25 34 13
Henry_Von_Der_Schulenburg SUI 830 22 3 1
Hernan_Casanova ARG 831 28 157 40
Hikaru_Shiraishi JPN 832 21 8 4
Hillel_Rousseau HAI 833 26 2 7
Hiroki_Moriya JPN 834 31 193 34
Hiroyasu_Ehara JPN 835 30 6 6
Holger_Rune DEN 836 18 802 35
Hong_Kit_Wong HKG 837 23 10 14
Hubert_Hurkacz POL 838 25 2873 28
Hugo_Dellien BOL 839 28 723 41
Hugo_Gaston FRA 840 21 897 38
Hugo_Grenier FRA 841 26 399 40
Hugo_Largo ESP 842 24 2 4
Hugo_Nys MON 843 31 37 7
Hugo_Pierre FRA 844 26 2 9
Hugo_Pontico FRA 845 24 15 18
Hugo_Schott FRA 846 25 3 9
Hugo_Voljacques FRA 847 29 7 2
Hunter_Heck USA 848 19 2 4
Hyeon_Chung KOR 849 25 71 4
Hyung-Chan_Lim KOR 850 36 1 1
Ibrokhimjon_Urinov UZB 851 19 1 4
Ignacio_Antonio_Becerra_Otarola CHI 852 21 4 3
Ignacio_Carou URU 853 22 32 32
Ignacio_Monzon ARG 854 24 23 29
Ignacio_Novo ARG 855 21 1 2
Ignasi_De_Rueda_De_Genover ESP 856 24 1 2
Igor_Gimenez BRA 857 22 2 3
Igor_Kudriashov RUS 858 18 1 7
Igor_Ribeiro_Marcondes BRA 859 24 189 22
Igor_Sijsling NED 860 34 77 19
Igor_Smilansky ISR 861 27 2 1
Iiro_Vasa FIN 862 19 4 7
Ilia_Simakin RUS 863 18 3 4
Illia_Stoliar POR 864 22 1 2
Illya_Beloborodko UKR 865 20 33 16
Illya_Marchenko UKR 866 34 207 29
Ilya_Ivashka BLR 867 28 1109 26
Ilya_Snitari MDA 868 20 16 12
Imanol_Lopez_Morillo ESP 869 22 55 28
Imran_Sibille MAR 870 20 1 3
Inaki_Montes-De_La_Torre ESP 871 19 25 9
Inigo_Cervantes ESP 872 32 2 6
Ioannis_Stamoulos GRE 873 18 1 3
Ioannis_Stergiou GRE 874 27 1 3
Isaac_Arturo_Arevalo MEX 875 22 1 1
Isaac_Stoute GBR 876 25 6 16
Isaiah_Strode USA 877 24 21 14
Ishaque_Eqbal IND 878 24 9 8
Issei_Okamura JPN 879 29 5 14
Ivan_Davydov RUS 880 25 8 9
Ivan_Denisov RUS 881 21 1 8
Ivan_Gakhov RUS 882 25 106 41
Ivan_Liutarevich BLR 883 26 19 22
Ivan_Marrero_Curbelo ESP 884 23 2 6
Ivan_Nedelko RUS 885 35 67 29
Ivan_Sergeyev UKR 886 34 1 2
Ivar_Jose_Aramburu_Contreras MEX 887 28 2 9
Ivo_Karlovic CRO 888 43 121 12
J.J._Wolf USA 889 23 417 23
JC_Aragone USA 890 26 124 34
Jack_Anthrop USA 891 18 2 5
Jack_Draper GBR 892 20 539 24
Jack_Findel-Hawkins GBR 893 27 3 5
Jack_Gibbens GBR 894 24 3 10
Jack_Mingji_Lin CAN 895 22 2 2
Jack_Pinnington_Jones GBR 896 19 43 16
Jack_Sock USA 897 29 456 20
Jacob_Dunbar USA 898 26 5 6
Jacob_Grills AUS 899 26 17 14
Jacopo_Berrettini ITA 900 23 61 24
Jaime_Faria POR 901 18 1 3
Jaimee_Floyd_Angele FRA 902 22 51 29
Jake_Delaney AUS 903 24 1 2
Jake_Hersey GBR 904 21 2 6
Jake_Van_Emburgh USA 905 23 4 9
Jakob_Aichhorn AUT 906 23 5 8
Jakob_Schnaitter GER 907 26 1 1
Jakob_Sude GER 908 30 2 3
Jakub_Mensik CZE 909 16 3 5
Jakub_Novak SVK 910 27 1 1
Jakub_Paul SUI 911 23 82 30
Jakub_Wojcik USA 912 24 5 5
James_Duckworth AUS 913 30 856 28
James_Frawley AUS 914 28 4 13
James_Mccabe AUS 915 18 57 11
James_Tracy USA 916 19 12 1
James_Trotter JPN 917 22 5 3
James_Ward GBR 918 35 50 13
Jan-Lennard_Struff GER 919 31 914 29
Jan_Choinski GBR 920 25 52 14
Jan_Mertl CZE 921 40 1 2
Jan_Satral CZE 922 31 45 20
Jan_Zielinski POL 923 25 15 5
Janis_Podzus LAT 924 27 1 3
Janko_Tipsarevic SRB 925 37 35 5
Jannik_Maute GER 926 18 1 3
Jannik_Opitz GER 927 23 1 2
Jannik_Sinner ITA 928 20 3054 33
Japheth_Anwasiba_Bagerbaseh GHA 929 28 1 1
Jared_Hiltzik USA 930 27 3 6
Jarno_Jans NED 931 21 3 4
Jaroslav_Pospisil CZE 932 41 26 13
Jason_Jung TPE 933 32 257 31
Jason_Kubler AUS 934 28 326 27
Jasza_Szajrych POL 935 19 1 3
Jaume_Munar ESP 936 24 663 36
Jaume_Pla_Malfeito ESP 937 26 22 13
Javier_Barranco_Cosano ESP 938 23 195 38
Javier_Gonzalez CHI 939 22 1 1
Javier_Naser CHI 940 25 1 6
Jay_Clarke GBR 941 23 359 38
Jayden_Court AUS 942 21 2 7
Jea_Moon_Lee KOR 943 28 3 3
Jean_Thirouin FRA 944 24 31 30
Jeffrey_Chuan_En_Hsu TPE 945 24 1 1
Jeffrey_Von_Der_Schulenburg SUI 946 20 4 8
Jelle_Sels NED 947 26 188 38
Jenson_Brooksby USA 948 21 1271 24
Jeremy_Beale AUS 949 27 51 19
Jeremy_Chardy FRA 950 35 265 14
Jeremy_Jahn GER 951 32 49 23
Jeremy_Schifris GER 952 20 1 3
Jeroen_Vanneste BEL 953 28 77 26
Jerome_Kym SUI 954 19 30 8
Jesper_De_Jong NED 955 21 327 40
Jesse_Delaney AUS 956 23 4 7
Jesse_Flores CRC 957 27 9 19
Jesse_Witten USA 958 39 1 1
Ji_Hoon_Son KOR 959 27 6 9
Ji_Sung_Nam KOR 960 28 77 22
Jie_Cui CHN 961 24 18 11
Jimmy_Yang GER 962 24 1 3
Jing_Long_Weng NED 963 21 2 4
Jiri_Barnat CZE 964 20 3 8
Jiri_Jenicek CZE 965 22 2 5
Jiri_Lehecka CZE 966 20 690 39
Jiri_Vesely CZE 967 28 847 38
Jo-Wilfried_Tsonga FRA 968 36 206 17
Joao_Domingues POR 969 28 157 28
Joao_Eduardo_Schiessl BRA 970 17 3 6
Joao_Hinsching BRA 971 24 2 6
Joao_Lucas_Reis_Da_Silva BRA 972 22 44 35
Joao_Marcos_Nusdeo BRA 973 27 5 14
Joao_Menezes BRA 974 25 210 25
Joao_Pedro_Sorgi BRA 975 28 15 11
Joao_Sousa POR 976 33 765 34
Joao_Souza BRA 977 33 4 1
Joao_Victor_Couto_Loureiro BRA 977 19 5 13
Jody_Maginley ANT 979 26 5 12
Joe_Misrahi FRA 980 18 2 3
Joe_Tyler GBR 981 23 1 1
Joffrey_De_Schepper FRA 982 30 3 7
Johan_Alexander_Rodriguez_Rodriguez COL 983 18 4 7
Johan_Nikles SUI 984 25 167 31
Johan_Tatlot FRA 985 26 24 16
Johannes_Haerteis GER 986 26 67 30
Johannes_Ingildsen DEN 987 24 25 10
Johannus_Monday GBR 988 20 2 1
John-Patrick_Smith AUS 989 33 53 9
John_Echeverria ESP 990 20 30 18
John_Hallquist_Lithen SWE 991 20 2 2
John_Isner USA 992 36 1706 19
John_McNally USA 993 23 46 17
John_Millman AUS 994 32 828 34
John_Sperle GER 995 20 1 3
Jonas_Forejtek CZE 996 21 169 37
Jonas_Maier GER 997 25 1 2
Jonas_Trinker AUT 998 26 8 7
Jonathan_Eysseric FRA 999 31 16 9
Jonathan_Gray GBR 1000 25 14 12
Jonathan_Mridha SWE 1001 27 78 27
Jordan_Correia_Passos_Do_Carmo BRA 1002 24 19 12
Jordan_Hasson ISR 1003 22 2 9
Jordan_Parker USA 1004 28 1 3
Jordan_Thompson AUS 1005 27 782 33
Jordi_Arconada USA 1006 25 23 12
Jordi_Mas_De_Ugarte ESP 1007 26 1 2
Jordi_Samper-Montana ESP 1008 32 5 4
Jorge_Blanco_Guadalupe ESP 1009 24 1 2
Jorge_Martinez_Martinez ESP 1010 26 11 9
Jorge_Panta PER 1010 26 31 27
Joris_De_Loore BEL 1012 28 45 11
Joris_Moret FRA 1013 20 1 4
Jose_(Rubin)_Statham NZL 1014 34 30 10
Jose_Daniel_Bendeck COL 1015 31 1 4
Jose_Fco._Vidal_Azorin ESP 1016 28 80 37
Jose_Hernandez-Fernandez DOM 1016 32 37 11
Jose_Joaquin_Miranda_Cisneros ESP 1018 21 1 5
Jose_Olivares DOM 1019 25 6 5
Jose_Pereira BRA 1020 31 59 19
Joseph_Imeh_Ubon NGR 1021 24 2 4
Josh_Reid AUS 1022 21 1 2
Joshua_Howard-Tripp RSA 1023 22 2 4
Joshua_Ortlip USA 1024 25 9 6
Joshua_Paris GBR 1025 26 8 15
Joshua_Peck CAN 1026 23 8 10
Joshua_Sheehy USA 1027 25 3 9
Jozef_Kovalik SVK 1028 29 325 26
Ju-Hae_Moon KOR 1029 33 1 3
Juan_Alejandro_Hernandez MEX 1030 22 53 29
Juan_Bautista_Otegui ARG 1031 23 21 17
Juan_Bautista_Torres ARG 1032 20 131 24
Juan_Borba PAR 1033 25 2 1
Juan_Carlos_Manuel_Aguilar BOL 1034 23 4 6
Juan_Carlos_Prado_Angelo BOL 1035 17 4 3
Juan_Ignacio_Alcalde ARG 1036 22 2 4
Juan_Ignacio_Batalla MEX 1037 22 1 5
Juan_Ignacio_Galarza ARG 1037 28 24 25
Juan_Ignacio_Londero ARG 1039 28 497 30
Juan_Manuel_Benitez_Chavarriaga COL 1040 26 15 8
Juan_Manuel_Cerúndolo ARG 1041 20 584 37
Juan_Martin_del_Potro ARG 1042 33 28 3
Juan_Pablo_Canas_Garcia ESP 1043 25 2 13
Juan_Pablo_Ficovich ARG 1044 25 276 38
Juan_Pablo_Grassi_Mazzuchi ARG 1045 22 3 7
Juan_Pablo_Paz ARG 1046 27 80 32
Juan_Pablo_Varillas PER 1047 26 618 38
Juan_Sebastian_Gomez COL 1048 30 47 28
Juan_Sebastian_Osorio COL 1049 24 4 5
Juan_Sebastian_Zabala_Vargas ECU 1049 19 1 3
Jules_Marie FRA 1051 30 16 6
Jules_Okala FRA 1052 24 46 16
Julian_Bradley IRL 1053 29 5 10
Julian_Cash GBR 1054 25 22 22
Julian_Lenz GER 1055 29 170 36
Julian_Ocleppo ITA 1056 24 51 22
Julian_Schubert AUT 1057 22 1 1
Julien_Cagnina BEL 1057 27 7 6
Julien_Penzlin GER 1059 19 1 2
Julio_Cesar_Porras ARG 1060 24 9 3
Julius_Tverijonas LTU 1061 27 9 11
Julián_Gimenez ARG 1062 21 1 6
Jumpei_Yamasaki JPN 1063 24 23 22
Jun_Sang_Park KOR 1064 27 1 1
Juncheng_Shang CHN 1065 17 82 12
Jung-Woong_Na KOR 1066 29 6 5
Junior_A._Ore USA 1067 29 2 5
Jurence_Zosimo_Mendoza PHI 1067 25 1 6
Jurgen_Briand FRA 1069 23 36 17
Jurgen_Zopp EST 1070 34 15 8
Jurij_Rodionov AUT 1070 22 376 31
Justin_Boulais CAN 1072 20 4 6
Justin_Butsch USA 1073 27 5 9
Justin_Roberts BAH 1073 25 16 14
Kacper_Zuk POL 1075 23 290 32
Kai_Breitbach GER 1076 24 2 1
Kai_Lemstra GER 1077 22 4 10
Kai_Wehnelt GER 1078 26 40 33
Kaichi_Uchida JPN 1079 27 182 40
Kalman_L._Boyd USA 1080 25 5 5
Kamen_Damov CAN 1080 23 1 1
Kamil_Majchrzak POL 1082 26 818 32
Karan_Singh IND 1083 18 2 5
Kareem_Al_Allaf SYR 1084 24 9 9
Karen_Khachanov RUS 1085 25 1588 29
Karim-Mohamed_Maamoun EGY 1086 31 28 17
Karim_Ibrahim EGY 1087 18 1 2
Karl_Friberg SWE 1088 23 18 29
Karl_Kiur_Saar EST 1089 25 1 4
Karl_Poling USA 1090 22 1 2
Karlis_Ozolins LAT 1091 19 4 14
Karlo_Cubelic GER 1092 24 4 12
Karlo_Kranic CRO 1093 22 1 1
Karunuday_Singh IND 1094 31 3 10
Kasidit_Samrej THA 1095 21 5 9
Kazuki_Nishiwaki JPN 1096 27 11 16
Kazuki_Shimizu JPN 1097 22 1 2
Kazuma_Kawachi JPN 1098 27 12 16
Keegan_Smith USA 1099 23 91 15
Keenan_Mayo USA 1100 21 4 12
Kei_Nishikori JPN 1100 32 975 14
Keisuke_Saitoh JPN 1102 20 9 12
Kelsey_Stevenson CAN 1103 31 19 36
Ken_Cavrak AUS 1104 21 9 4
Ken_Onishi JPN 1104 26 2 5
Kenneth_Raisma EST 1104 24 8 11
Kenny_De_Schepper FRA 1107 34 83 32
Kento_Tagashira JPN 1108 28 2 9
Kento_Takeuchi JPN 1109 34 18 23
Kento_Yamada JPN 1110 23 1 2
Kevin_Anderson RSA 1111 35 647 22
Kevin_Chahoud SWE 1112 20 2 2
Kevin_King USA 1113 31 47 16
Kevin_Krawietz GER 1114 30 16 4
Kevin_Major BAH 1115 27 2 4
Khololwam_Montsi RSA 1115 19 28 14
Khumoun_Sultanov UZB 1117 23 89 29
Kilian_Feldbausch SUI 1118 16 10 4
Kimmer_Coppejans BEL 1118 28 197 34
Kiranpal_Pannu NZL 1120 25 7 10
Kirill_Kivattsev RUS 1121 24 31 23
Kirill_Mishkin RUS 1122 19 1 4
Ko_Suzuki JPN 1122 30 6 6
Kody_Pearson AUS 1122 22 6 9
Kokoro_Isomura JPN 1125 19 4 10
Konstantin_Kravchuk RUS 1126 37 57 24
Konstantin_Zhzhenov RUS 1127 17 1 5
Koray_Kirci TUR 1128 23 13 24
Kosuke_Ogura JPN 1129 26 6 13
Kosuke_Okagaki JPN 1130 23 1 1
Kristijan_Juhas SRB 1131 20 5 8
Kristjan_Tamm EST 1131 23 8 21
Kristof_Minarik SVK 1133 21 1 7
Kuan-Yi_Lee TPE 1134 25 13 8
Kuan_Yu_Chen TPE 1135 21 2 2
Kunal_Anand IND 1136 29 3 10
Kuzey_Cekirge TUR 1137 21 3 10
Kweisi_Kenyatte USA 1137 22 3 2
Kyle_Edmund GBR 1139 27 151 9
Kyle_Kang USA 1140 17 2 2
Kyle_Seelig USA 1141 24 56 26
Kyrian_Jacquet FRA 1142 20 138 24
Laelson_Rodrigues BRA 1143 22 2 3
Lambert_Ruland GER 1144 18 1 1
Lamine_Ouahab MAR 1145 37 14 7
Laslo_Djere SRB 1146 26 911 32
Lasse_Muscheites GER 1147 25 1 1
Laurent_Lokoli FRA 1148 27 135 24
Laurent_Rochette FRA 1149 34 9 6
Laurynas_Grigelis LTU 1150 30 8 7
Lautaro_Agustin_Falabella ARG 1151 24 1 5
Lautaro_Midon ARG 1152 18 3 3
Leandro_Riedi SUI 1153 20 129 21
Len_Schouten NED 1154 23 2 3
Lenny_Hampel AUT 1155 25 25 18
Leny_Mitjana FRA 1156 27 4 2
Leo_Borg SWE 1157 18 5 14
Leonard_Von_Hindte GER 1157 27 1 1
Leonardo_Aboian ARG 1159 23 23 26
Leonardo_Catani ITA 1160 22 1 2
Leonardo_Lopez_Linquet ARG 1161 20 2 4
Leonardo_Malgaroli ITA 1162 19 3 10
Leonardo_Mayer ARG 1163 34 110 11
Leonardo_Telles BRA 1164 26 2 2
Leonid_Sheyngezikht BUL 1165 21 6 12
Leopold_Zima GER 1166 21 15 15
Leyton_Rivera NOR 1167 20 1 4
Li-Wie_Tan TPE 1167 26 3 9
Li_Tu AUS 1169 25 102 15
Liam_Broady GBR 1170 28 501 35
Liam_Caruana ITA 1171 24 10 5
Liam_Draxl CAN 1171 20 48 19
Liam_Gavrielides GER 1173 18 3 2
Lilian_Breut FRA 1174 25 3 7
Lilian_Marmousez FRA 1175 20 16 11
Lilian_Prod'Homme FRA 1176 23 1 2
Linghao_Zhang CHN 1177 19 1 4
Linus_Erhart AUT 1178 27 1 1
Lior_Goldenberg ISR 1178 22 2 8
Lisandru_Rodriguez FRA 1178 19 8 10
Ljubomir_Celebic MNE 1178 30 8 7
Lloyd_Glasspool GBR 1182 28 25 9
Lloyd_Harris RSA 1183 25 1166 28
Logan_Zapp USA 1184 20 2 2
Lohithaksha_Bathrinath IND 1185 21 3 3
Loic_Cloes BEL 1185 23 11 14
Loic_Ratsaratany FRA 1187 22 2 3
Lorenzo_Bocchi ITA 1188 24 29 28
Lorenzo_Brunetti ITA 1189 26 2 3
Lorenzo_Favero ITA 1190 20 1 1
Lorenzo_Frigerio ITA 1190 33 9 7
Lorenzo_Gagliardo ARG 1190 21 5 10
Lorenzo_Giustino ITA 1193 30 258 45
Lorenzo_Joaquin_Rodriguez ARG 1194 22 8 11
Lorenzo_Musetti ITA 1195 20 791 36
Lorenzo_Rottoli ITA 1196 20 20 18
Lorenzo_Sonego ITA 1197 26 1563 29
Lorenzo_Vatteroni ITA 1197 21 1 5
Loris_Pourroy FRA 1197 21 8 5
Louis_Dussin FRA 1200 22 12 16
Louis_Herman BEL 1201 20 2 3
Louis_Tessa FRA 1201 24 14 20
Louis_Wessels GER 1201 23 124 36
Louroi_Martinez SUI 1204 23 14 20
Luca_Castagnola ITA 1204 19 1 7
Luca_Castelnuovo SUI 1206 25 30 29
Luca_Fantini ITA 1207 21 2 4
Luca_Gelhardt GER 1207 27 3 4
Luca_George_Tatomir ROU 1207 26 1 1
Luca_Giacomini ITA 1207 24 23 18
Luca_Nardi ITA 1207 18 240 25
Luca_Potenza ITA 1212 21 60 24
Luca_Prevosto ITA 1213 23 4 8
Luca_Staeheli SUI 1213 22 1 3
Luca_Tomasetto ITA 1215 26 16 18
Luca_Van_Assche FRA 1216 17 105 18
Luca_Vanni ITA 1216 36 13 16
Lucas_Bouquet FRA 1216 24 10 12
Lucas_Catarina MON 1216 25 90 37
Lucas_Gerch GER 1216 27 115 38
Lucas_Gomez MEX 1221 26 5 7
Lucas_Hellfritsch GER 1222 24 1 5
Lucas_Luini ARG 1223 24 1 1
Lucas_Miedler AUT 1223 25 155 35
Lucas_Obeid BRA 1225 21 1 3
Lucas_Pouille FRA 1226 28 467 28
Lucas_Poullain FRA 1227 26 3 5
Lucas_Renard SWE 1228 29 1 6
Lucas_Vuradin AUS 1228 23 1 2
Luciano_Carraro ITA 1230 23 1 3
Luciano_Darderi ITA 1231 20 159 27
Luciano_Doria ARG 1232 29 1 6
Luciano_Tacchi ARG 1232 20 4 6
Lucio_Carnevalle ARG 1234 20 2 9
Luigi_Sorrentino ITA 1235 23 27 26
Luis_Britto BRA 1235 28 4 7
Luis_Diego_Chavez_Villalpando BOL 1237 26 2 8
Luis_Faria POR 1238 22 25 32
Luis_Humberto_Lopez MEX 1239 24 1 3
Luis_Molina BOL 1239 22 2 2
Luis_Patino MEX 1241 28 28 24
Luka_Pavlovic FRA 1242 22 15 13
Luka_Petrovic GBR 1243 19 4 4
Luka_Todorovic SRB 1243 19 1 2
Lukas_Hellum-Lilleengen NOR 1245 21 4 7
Lukas_Klein SVK 1246 24 164 23
Lukas_Krainer AUT 1247 21 42 28
Lukas_Lacko SVK 1248 34 252 19
Lukas_Neumayer AUT 1249 19 73 24
Lukas_Palovic SVK 1250 20 9 16
Lukas_Pokorny SVK 1250 20 14 13
Lukas_Rosol CZE 1252 36 194 32
Luke_Jacob_Gamble USA 1253 26 2 5
Luke_Johnson GBR 1253 28 36 22
Luke_Phillips USA 1253 23 1 1
Luke_Saville AUS 1253 28 19 9
Maciej_Rajski POL 1257 30 23 12
Maciej_Smola POL 1257 29 1 2
Mackenzie_McDonald USA 1259 26 985 33
Macsen_Sisam NZL 1259 21 1 1
Madhwin_Kamath IND 1259 20 1 4
Maik_Steiner GER 1262 27 7 18
Maikel_De_Boes BEL 1262 19 3 12
Makoto_Ochi JPN 1262 25 27 31
Maks_Kasnikowski POL 1265 18 17 10
Malek_Jaziri TUN 1265 38 154 31
Manfred_Fellin ITA 1267 25 7 16
Manish_Sureshkumar IND 1268 22 40 24
Mans_Dahlberg SWE 1269 18 1 2
Manuel_Barros ARG 1269 27 2 2
Manuel_Guinard FRA 1269 26 396 41
Manuel_Mazza ITA 1269 22 8 10
Manuel_Pena_Lopez ARG 1273 24 20 14
Manuel_Sanchez MEX 1273 31 8 3
Mao-Xin_Gong CHN 1275 34 3 1
Marat_Deviatiarov UKR 1275 27 14 23
Marat_Sharipov RUS 1275 19 18 16
Marc-Andrea_Huesler SUI 1275 25 450 38
Marc_Dijkhuizen NED 1275 26 3 7
Marc_Othman_Ktiri ESP 1280 18 2 7
Marc_Polmans AUS 1280 24 258 34
Marcel_Granollers ESP 1280 35 129 9
Marcel_Kamrowski POL 1280 19 2 4
Marcel_Zielinski GER 1280 21 1 1
Marcello_Serafini ITA 1285 19 15 15
Marcelo_Arevalo ESA 1285 31 38 10
Marcelo_Tomas_Barrios_Vera CHI 1285 24 440 34
Marcelo_Zormann BRA 1288 25 9 5
Marco_Bortolotti ITA 1288 31 12 13
Marco_Brugnerotto ITA 1290 25 36 22
Marco_Cecchinato ITA 1291 29 688 29
Marco_De_Rossi SMR 1292 24 5 10
Marco_Miceli ITA 1293 23 30 34
Marco_Mosciatti ITA 1293 24 1 3
Marco_Saffratti ARG 1295 22 2 6
Marco_Trungelliti ARG 1296 32 297 21
Marcos_Giron USA 1296 28 983 30
Marcus_Walters GBR 1296 24 1 1
Marek_Gengel CZE 1299 26 101 34
Marek_Jaloviec CZE 1300 28 2 6
Marek_Semjan SVK 1300 34 3 8
Mariano_Kestelboim ARG 1302 26 41 30
Mariano_Navone ARG 1302 21 57 30
Marin_Cilic CRO 1302 33 1740 25
Mario_Gonzalez_Fernandez ESP 1302 19 6 11
Mario_Mansilla_Diez ESP 1306 19 15 11
Mario_Vilella_Martinez ESP 1306 26 259 22
Marius_Copil ROU 1308 31 218 27
Marius_Ruzgas SWE 1309 25 6 14
Mark_Havlicek CZE 1310 18 2 4
Mark_Lajal EST 1310 18 9 12
Mark_Tryakshin UZB 1312 20 1 2
Mark_Whitehouse GBR 1312 28 30 30
Marko_Miladinovic SRB 1314 21 18 17
Marko_Stakusic CAN 1314 19 1 5
Marko_Tepavac SRB 1316 28 46 19
Marko_Topo SRB 1316 18 21 10
Markos_Kalovelonis GRE 1316 27 24 23
Markus_Eriksson SWE 1319 32 72 28
Markus_Schultz SWE 1320 28 1 2
Marlon_Vankan GER 1320 21 7 12
Marsel_Ilhan TUR 1322 34 32 40
Martim_Leote_Prata POR 1323 21 1 3
Martin_Antonio_Vergara_Del_Puerto PAR 1323 17 1 1
Martin_Beran SVK 1323 26 6 5
Martin_Borisiouk BLR 1323 21 9 10
Martin_Breysach FRA 1323 20 23 27
Martin_Cuevas URU 1323 30 99 23
Martin_Damm USA 1329 18 31 22
Martin_Katz BEL 1329 19 3 9
Martin_Klizan SVK 1331 32 104 10
Martin_Krumich CZE 1332 19 40 26
Martin_Redlicki USA 1332 26 12 10
Martin_Van_Der_Meerschen BEL 1332 21 3 8
Martins_Podzus LAT 1332 27 20 15
Martins_Rocens LAT 1332 22 1 4
Marton_Fucsovics HUN 1337 30 957 30
Martyn_Pawelski POL 1337 17 5 8
Marvin_Moeller GER 1337 23 110 25
Marvin_Netuschil GER 1337 30 20 19
Masamichi_Imamura JPN 1337 23 12 11
Mason_Recci GBR 1342 25 2 3
Matas_Vasiliauskas LTU 1343 20 10 15
Mate_Valkusz HUN 1343 23 120 17
Mate_Zsiga HUN 1343 29 1 1
Matej_Sabanov SRB 1346 29 5 3
Matej_Vocel CZE 1346 24 2 4
Mateo_Barreiros_Reyes BRA 1346 21 1 9
Mateo_Del_Pino ARG 1346 18 1 5
Mateo_Gomez COL 1346 19 6 10
Mateo_Nicolas_Martinez ARG 1351 28 30 16
Mateus_De_Carvalho_Cardoso_Alves BRA 1351 21 103 35
Mateusz_Terczynski POL 1353 26 1 1
Matheus_Amorim_De_Lima BRA 1354 17 5 4
Matheus_Pucinelli_De_Almeida BRA 1354 21 254 35
Mathias_Bourgue FRA 1356 28 198 24
Mathieu_Scaglia FRA 1356 23 8 8
Mathys_Erhard FRA 1356 20 27 21
Matias_Franco_Descotte ARG 1356 27 72 29
Matias_Iturbe ARG 1360 20 1 1
Matias_Ponce_De_Leon_Gomila ESP 1360 18 1 6
Matias_Soto CHI 1360 22 9 9
Matias_Zukas ARG 1360 25 81 32
Matic_Spec SLO 1364 27 28 22
Matija_Pecotic CRO 1365 32 38 9
Matija_Samardzic MNE 1365 17 1 1
Matija_Zugic SRB 1365 20 1 3
Mats_Hermans NED 1365 26 1 4
Mats_Moraing GER 1369 29 532 37
Mats_Rosenkranz GER 1369 23 109 47
Matt_Kuhar USA 1371 25 14 9
Matt_Ponchet FRA 1371 17 1 5
Matteo_Arnaldi ITA 1371 21 131 27
Matteo_Berrettini ITA 1371 25 4945 22
Matteo_Donati ITA 1371 27 13 10
Matteo_Gigante ITA 1376 20 69 14
Matteo_Martineau FRA 1376 23 125 31
Matteo_Viola ITA 1376 34 107 37
Matthew_Christopher_Romios AUS 1379 23 24 29
Matthew_Dellavedova AUS 1380 21 10 21
Matthew_Ebden AUS 1380 34 105 17
Matthew_Mendez USA 1380 26 1 3
Matthew_Segura USA 1383 21 2 2
Matthew_William_Donald CZE 1383 17 2 9
Matthias_Bachinger GER 1383 35 150 20
Matthieu_Perchicot FRA 1383 29 87 43
Mattia_Bellucci ITA 1383 20 63 29
Mattia_Frinzi ITA 1383 22 10 13
Mattias_Siimar EST 1389 24 6 1
Matvey_Khomentovskiy RUS 1389 27 4 5
Matvey_Minin RUS 1391 20 11 20
Matyas_Fuele HUN 1391 23 16 11
Mauricio_Echazu PER 1391 33 13 12
Mauro_De_Maio ITA 1394 20 8 8
Maverick_Banes AUS 1394 30 14 11
Max_Alcala_Gurri ESP 1394 19 16 22
Max_Basing GBR 1394 19 3 1
Max_Hans_Rehberg GER 1398 18 9 13
Max_Houkes NED 1398 21 14 17
Max_Purcell AUS 1400 24 372 25
Max_Westphal FRA 1400 18 1 2
Max_Wiskandt GER 1402 20 2 6
Maxence_Beauge FRA 1403 21 19 21
Maxence_Broville FRA 1403 23 16 13
Maxim_Krapivin RUS 1405 22 1 3
Maxim_Ratniuk RUS 1406 25 6 15
Maxim_Zhukov RUS 1406 17 3 5
Maxime_Chazal FRA 1406 28 51 23
Maxime_Cressy USA 1406 24 858 37
Maxime_Dubouch FRA 1406 18 1 5
Maxime_Hamou FRA 1406 26 53 30
Maxime_Janvier FRA 1406 25 193 43
Maxime_Mora FRA 1406 25 13 23
Maxime_Pauwels BEL 1414 23 9 12
Maxime_Tchoutakian FRA 1414 28 10 14
Maximilian_Homberg GER 1414 19 2 3
Maximilian_Marterer GER 1414 26 294 28
Maximilian_Neuchrist AUT 1418 30 62 28
Maximiliano_Estevez ARG 1418 32 17 15
Maximus_Jones THA 1418 17 4 9
Mayeul_Darras FRA 1418 23 2 10
Mehdi_Benchakroun MAR 1418 18 1 5
Mehdi_Sadaoui FRA 1423 19 2 9
Mehluli_Don_Ayanda_Sibanda ZIM 1423 22 5 14
Menelaos_Efstathiou CYP 1423 23 10 8
Mert_Naci_Turker TUR 1426 23 1 10
Michael-John_Every CUW 1426 27 3 4
Michael_Geerts BEL 1426 27 139 36
Michael_Gloeckler AUT 1426 23 2 5
Michael_Mmoh USA 1430 24 295 22
Michael_Quintero COL 1430 41 2 3
Michael_Redlicki USA 1430 28 17 17
Michael_Shabaz USA 1433 34 5 7
Michael_Vrbensky CZE 1433 22 101 32
Michael_Weindl GER 1435 26 1 2
Michael_Zheng USA 1435 18 3 5
Michael_Zhu USA 1437 29 21 29
Michail_Pervolarakis GRE 1437 25 105 37
Michal_Dembek POL 1437 24 25 32
Michal_Konecny CZE 1437 32 8 10
Michal_Mikula POL 1437 22 10 19
Michal_Novansky SVK 1437 19 3 10
Michel_Hopp GER 1437 23 2 2
Michel_Vernier CHI 1437 29 31 34
Michiel_De_Krom NED 1445 23 8 15
Mick_Lescure FRA 1445 28 7 8
Mick_Veldheer NED 1445 26 35 35
Miguel_Angel_Reyes-Varela MEX 1448 34 4 1
Miguel_Damas ESP 1448 22 56 25
Miguel_Fernando_Pereira CHI 1448 23 2 8
Miguel_Gomes POR 1448 19 2 7
Miguel_Mateo_Larrea ECU 1448 17 1 1
Miguel_Perez_Pena ESP 1448 19 1 1
Mihailo_Popovic SRB 1448 21 1 3
Mikael_Torpegaard DEN 1448 27 136 26
Mikael_Ymer SWE 1448 23 704 30
Mikail_Alimli FRA 1448 18 1 7
Mikal_(Oliver)_Statham NZL 1458 34 3 7
Mikalai_Haliak BLR 1459 23 8 14
Mike_Urbanija SLO 1459 32 1 7
Mikhail_Fufygin RUS 1461 31 11 17
Mikhail_Korovin RUS 1461 26 1 9
Mikhail_Kukushkin KAZ 1461 34 385 27
Mikhail_Minakov RUS 1461 20 5 8
Milan_Drinic SRB 1461 24 2 7
Milan_Welte GER 1461 20 9 12
Milen_Ianakiev GER 1461 26 2 3
Miles_Jones USA 1468 21 3 9
Mili_Poljicak CRO 1468 17 2 6
Miljan_Zekic SRB 1468 33 121 27
Millen_Hurrion GBR 1471 22 17 5
Milos_Karol SVK 1471 19 15 12
Milos_Raonic CAN 1471 31 249 8
Min-Kyu_Song KOR 1471 31 3 8
Minjong_Park KOR 1471 20 1 3
Miomir_Kecmanovic SRB 1471 22 1211 32
Mircea-Alexandru_Jecan ROU 1471 33 37 31
Mirko_Cutuli ITA 1471 25 3 6
Mirko_Martinez SUI 1471 24 14 29
Mirza_Basic BIH 1471 30 270 32
Mischa_Zverev GER 1471 34 46 16
Mislav_Bosnjak AUS 1471 23 1 2
Mitchell_Harper AUS 1471 24 3 2
Mitchell_Krueger USA 1471 28 412 34
Moerani_Bouzige AUS 1485 22 33 9
Moez_Echargui TUN 1485 29 88 29
Mohamad_Gomaa EGY 1485 22 1 2
Mohamed_Nazim_Makhlouf ALG 1485 25 1 6
Mohamed_Safwat EGY 1485 31 88 30
Moritz_Thiem AUT 1490 22 1 7
Mousheg_Hovhannisyan USA 1490 30 2 7
Murkel_Alejandro_Dellien_Velasco BOL 1490 24 69 20
Muthu_Aadhitiya_Senthilkumar IND 1490 22 2 7
Muzingaye_Sibanda ZIM 1490 24 1 2
Mwendwa_Mbithi USA 1490 24 15 19
Mykhailo_Mossur UKR 1496 18 1 2
Mykyta_Mashtakov UKR 1496 23 19 17
N.Sriram_Balaji IND 1496 32 17 5
N_Vijay_Sundar_Prashanth IND 1499 35 1 7
Nam_Hoang_Ly VIE 1499 25 70 20
Naoki_Nakagawa JPN 1499 25 65 20
Naoki_Tajima JPN 1499 21 22 32
Naoki_Takeda JPN 1499 28 2 4
Nathan_Ponwith USA 1499 23 25 26
Nathan_Seateun FRA 1499 24 23 16
Neel_Rajesh USA 1499 21 2 4
Neil_Oberleitner AUT 1499 22 16 15
Neil_Pauffley GBR 1499 32 1 3
Neo_Niedner GER 1509 18 1 3
Nerman_Fatic BIH 1509 27 175 32
Nevin_Arimilli USA 1509 22 1 3
Nicaise_Muamba CAN 1509 21 2 2
Nicholas_Alexander_Reyes USA 1509 27 1 4
Nicholas_Bybel USA 1509 28 4 11
Nicholas_David_Ionel ROU 1509 19 119 34
Nicholas_Jovanovski AUS 1509 25 1 1
Nicholas_Shamma USA 1509 25 1 3
Nick_Chappell USA 1509 29 77 35
Nick_Hardt DOM 1509 21 149 37
Nick_Kyrgios AUS 1509 26 808 12
Nico_Hornitschek GER 1509 22 1 7
Nico_Mostardi USA 1509 24 2 4
Nicola_Kuhn GER 1509 22 206 28
Nicolae_Frunza ROU 1524 24 41 24
Nicolas_Acevedo CHI 1525 22 1 1
Nicolas_Alberto_Arreche ARG 1525 27 16 13
Nicolas_Alvarez PER 1525 25 125 30
Nicolas_Alvarez_Varona ESP 1525 20 172 36
Nicolas_Barrientos COL 1529 34 111 18
Nicolas_Bianchi ARG 1530 25 2 8
Nicolas_Bruna CHI 1531 23 2 7
Nicolas_Buitrago COL 1532 23 6 7
Nicolas_Eli ARG 1533 17 1 1
Nicolas_Jarry CHI 1533 26 494 32
Nicolas_Kicker ARG 1533 29 283 27
Nicolas_Mahut FRA 1533 40 57 3
Nicolas_Mejia COL 1533 22 210 37
Nicolas_Moreno_De_Alboran USA 1533 24 218 25
Nicolas_Parizzia SUI 1533 23 6 13
Nicolas_Rousset FRA 1533 22 1 2
Nicolas_Tepmahc FRA 1533 20 16 23
Nicolas_Uryson ARG 1533 28 2 3
Nicolas_Villalon CHI 1533 18 2 1
Nicolas_Zanellato BRA 1533 20 9 12
Nicolo_Turchetti ITA 1533 25 7 15
Niels_Lootsma NED 1533 27 10 10
Niels_Visker NED 1547 20 4 7
Nik_Razborsek SLO 1547 28 9 11
Niki_Kaliyanda_Poonacha IND 1547 26 12 17
Nikita_Alosha UKR 1547 21 1 4
Nikita_Volonski AUS 1547 20 6 10
Niklas_Guttau GER 1547 22 6 9
Niklas_Johansson SWE 1547 23 4 8
Niklas_Schell GER 1547 23 12 17
Nikola_Cacic SRB 1547 31 2 2
Nikola_Milojevic SRB 1547 26 424 32
Nikola_Slavic SWE 1547 21 2 4
Nikolas_Sanchez_Izquierdo ESP 1547 23 175 41
Nikolay_Nedelchev BUL 1547 18 3 6
Nikolay_Sysoev RUS 1547 17 2 3
Nikolay_Vylegzhanin RUS 1561 21 5 11
Nikoloz_Basilashvili GEO 1561 30 1801 31
Nini_Gabriel_Dica ROU 1561 20 2 2
Nino_Ehrenschneider GER 1561 21 4 2
Nino_Serdarusic CRO 1561 25 318 45
Nishant_Dabas IND 1561 18 2 6
Nishesh_Basavareddy USA 1561 16 1 1
Nitin_Kumar_Sinha IND 1561 23 16 12
Noah_Lopez SUI 1561 20 5 7
Noah_Rubin USA 1561 26 86 22
Noah_Schachter USA 1561 22 4 10
Noah_Thurner GER 1561 22 1 2
Noel_Larwig GER 1561 20 1 4
Noppadol_Noikor THA 1561 22 1 1
Norbert_Gombos SVK 1561 31 626 32
Novak_Djokovic SRB 1561 34 8420 13
Nuno_Borges POR 1561 25 419 30
Obrad_Markovski MKD 1561 21 1 5
Ofek_Amoyal ISR 1561 22 1 2
Oh-Hee_Kwon KOR 1561 43 3 4
Olaf_Pieczkowski POL 1581 18 2 8
Oleg_Dolgosheyev UKR 1581 31 3 2
Oleg_Khotkov UKR 1583 32 3 10
Oleg_Prihodko UKR 1583 24 83 39
Oleg_Stepanenko UKR 1583 28 1 1
Oleksandr_Bielinskyi UKR 1583 27 3 4
Oleksandr_Ovcharenko UKR 1583 20 27 24
Oleksii_Krutykh UKR 1583 22 131 30
Olexiy_Kolisnyk UKR 1583 25 3 5
Olimjon_Nabiev UZB 1583 19 2 8
Oliver_Crawford USA 1583 22 110 28
Oliver_Tarvet GBR 1583 18 3 2
Olivier_Rojas BEL 1583 21 4 7
Olivier_Stuart FRA 1583 24 2 4
Olle_Wallin SWE 1583 20 1 1
Omar_Brigida ITA 1583 23 9 8
Omar_Giacalone ITA 1583 30 28 24
Omar_Jasika AUS 1583 24 47 6
Omni_Kumar USA 1583 20 65 36
Ondrej_Horak CZE 1583 19 3 7
Ondrej_Krstev CZE 1583 24 7 11
Ondrej_Styler CZE 1583 21 1 5
Or_Ram-Harel ISR 1583 27 1 3
Orel_Kimhi ISR 1583 18 1 5
Oriol_Roca_Batalla ESP 1583 28 150 40
Orlando_Luz BRA 1583 24 174 39
Oscar_Galimardanov RUS 1583 21 1 5
Oscar_Jose_Gutierrez BRA 1583 28 99 38
Oscar_Mesquida_Berg ESP 1583 25 4 4
Oscar_Moraing GER 1583 22 33 25
Oscar_Otte GER 1583 28 854 36
Oscar_Weightman GBR 1583 20 20 9
Osgar_O'Hoisin IRL 1583 25 9 12
Otto_Virtanen FIN 1614 20 113 22
Ozan_Colak USA 1614 18 4 10
Pablo_Andújar ESP 1614 36 797 28
Pablo_Carreño_Busta ESP 1614 30 2015 24
Pablo_Cuevas URU 1614 36 672 27
Pablo_Llamas_Ruiz ESP 1614 19 38 22
Pablo_Vivero_Gonzalez ESP 1614 26 16 13
Pak_Long_Yeung HKG 1614 27 5 9
Palaphoom_Kovapitukted THA 1614 22 6 12
Paolo_Dagnino ITA 1623 24 1 4
Paolo_Lorenzi ITA 1623 40 130 25
Paras_Dahiya IND 1623 24 2 5
Pascal_Meis GER 1623 28 5 6
Pasquale_De_Giorgio ITA 1623 22 2 3
Patrick_Fitzgerald AUS 1623 26 1 4
Patrick_Foley GBR 1623 26 1 3
Patrick_Kypson USA 1623 22 43 10
Patrick_Zahraj GER 1623 22 2 4
Patrik_Hartmeier SUI 1623 25 1 1
Patrik_Nema SVK 1623 24 2 3
Patrik_Niklas-salminen FIN 1623 25 25 28
Patrik_Rikl CZE 1623 23 45 17
Paul_Cayre FRA 1623 26 2 9
Paul_Jubb GBR 1623 22 239 26
Paul_Oosterbaan USA 1623 26 8 10
Paul_Valsecchi FRA 1623 24 7 12
Paul_Woerner GER 1623 25 9 28
Paulo_Andre_Saraiva_Dos_Santos BRA 1623 21 1 3
Pavel_Kotov RUS 1623 23 369 37
Pavel_Krainik CAN 1623 29 3 11
Pavel_Nejedly CZE 1623 29 47 30
Pavel_Shumeiko UKR 1623 21 3 10
Pavel_Verbin RUS 1623 20 7 5
Pavle_Daljev SRB 1623 30 1 7
Pawel_Cias POL 1623 28 72 19
Pedja_Krstin SRB 1623 27 149 36
Pedro_Araujo POR 1623 20 36 27
Pedro_Boscardin_Dias BRA 1623 19 61 25
Pedro_Cachin ARG 1623 26 263 35
Pedro_Iamachkine PER 1623 26 4 9
Pedro_Martínez ESP 1623 24 1098 37
Pedro_Rodenas ESP 1623 18 5 7
Pedro_Sakamoto BRA 1623 28 101 30
Pedro_Sousa POR 1657 33 167 20
Pedro_Vives_Marcos ESP 1657 20 16 16
Perry_Gregg USA 1657 21 3 10
Petar_Pjevcevic SRB 1657 26 2 4
Peter_Benjamin_Privara SVK 1661 17 2 4
Peter_Bertran DOM 1661 26 34 24
Peter_Bothwell IRL 1661 26 8 10
Peter_Fajta HUN 1661 19 65 25
Peter_Gojowczyk GER 1661 32 686 27
Peter_Goldsteiner AUT 1661 31 11 27
Peter_Heller GER 1661 29 81 30
Peter_Kobelt USA 1661 31 10 9
Peter_Nad SVK 1661 18 1 4
Peter_Nagy HUN 1661 30 16 19
Peter_Polansky CAN 1661 33 138 29
Peter_Torebko GER 1661 34 42 13
Petr_Bar_Biryukov RUS 1661 20 7 11
Petr_Hajek CZE 1661 25 12 18
Petr_Michnev CZE 1661 32 1 7
Petr_Nesterov BUL 1661 19 2 8
Petr_Nouza CZE 1661 23 29 16
Petros_Chrysochos CYP 1661 26 31 15
Petros_Tsitsipas GRE 1661 21 24 22
Petru-Alexandru_Luncanu ROU 1661 32 4 5
Philip_Bachmaier AUT 1681 25 5 9
Philip_Florig GER 1681 18 3 8
Philip_Henning RSA 1681 21 3 1
Philip_Sekulic AUS 1684 18 36 11
Philipp_Kohlschreiber GER 1684 38 519 18
Phoenix_Weir GBR 1684 16 1 1
Pierre-Hugues_Herbert FRA 1684 31 476 30
Pierre_Antoine_Tailleu FRA 1684 18 1 3
Pierre_Delage FRA 1684 21 12 18
Pierre_Faivre FRA 1684 26 6 8
Pierre_Yves_Bailly BEL 1684 18 11 7
Pietro_Marino ITA 1684 20 3 10
Pietro_Pampanin ITA 1684 19 3 4
Pietro_Rimondini USA 1684 23 2 2
Pietro_Romeo_Scomparin ITA 1684 21 1 2
Pietro_Rondoni ITA 1684 28 14 19
Pijus_Vaitiekunas LTU 1684 19 1 3
Ping_Chen_Lin TPE 1684 19 1 1
Piotr_Grynkowski POL 1684 29 3 11
Piotr_Matuszewski POL 1684 23 4 5
Piotr_Pawlak POL 1684 20 1 2
Plamen_Milushev BUL 1684 27 1 3
Pol_Amoros_Ramos ESP 1684 24 6 11
Pol_Martin_Tiffon ESP 1684 22 98 39
Pol_Toledo_Bague ESP 1684 27 50 34
Prajnesh_Gunneswaran IND 1684 32 227 32
Preston_Brown USA 1684 20 4 17
Preston_Touliatos USA 1708 26 2 4
Puriwat_Chatpatcharoen THA 1708 26 1 8
Quentin_Folliot FRA 1710 23 59 31
Quentin_Gueydan FRA 1710 27 1 6
Quentin_Halys FRA 1710 25 674 37
Quentin_Robert FRA 1710 27 15 12
Quinn_Vandecasteele USA 1710 19 1 2
Qun_Gao CHN 1710 28 1 1
Radu_Albot MDA 1710 32 563 36
Radu_Florin_Macovei ROU 1710 21 1 3
Radu_Mihai_Papoe ROU 1710 19 2 5
Rafael_Giotis GER 1710 21 2 1
Rafael_Matos BRA 1710 26 42 16
Rafael_Nadal ESP 1710 35 7115 12
Raffael_Schaer SUI 1710 19 1 5
Ramkumar_Ramanathan IND 1710 27 337 34
Ran_Amar ISR 1724 22 1 2
Ranjeet_Virali-Murugesan IND 1724 36 2 6
Raphael_Baltensperger SUI 1724 24 4 8
Raphael_Calzi LUX 1724 24 1 6
Raphael_Collignon BEL 1728 20 36 15
Raphael_Lambling FRA 1728 21 2 3
Rashed_Nawaf QAT 1728 16 1 6
Raul_Brancaccio ITA 1728 24 176 36
Raul_Gerardo_Centeno_Arteaga ECU 1728 20 1 2
Ray_Ho TPE 1728 22 14 26
Rayane_Oumaouche FRA 1734 24 1 3
Rayane_Roumane FRA 1735 21 19 19
Raymond_Sarmiento USA 1735 29 25 7
Reese_Stalder USA 1735 25 5 10
Reilly_Opelka USA 1735 24 2475 27
Remy_Bertola SUI 1735 23 50 21
Ren_Nakamura JPN 1735 27 1 9
Renta_Tokuda JPN 1735 24 56 18
Renzo_Olivo ARG 1735 30 305 45
Rhett_Purcell NZL 1735 26 6 11
Riaan_Du_Toit CAN 1735 27 1 4
Ricardas_Berankis LTU 1735 31 738 25
Ricardo_David_Mayagoitia MEX 1735 27 2 4
Ricardo_Ojeda_Lara ESP 1747 29 12 10
Ricardo_Rodriguez_-_Pace VEN 1747 28 28 29
Riccardo_Balzerani ITA 1747 23 64 36
Riccardo_Bonadio ITA 1750 28 220 48
Riccardo_Maiga SUI 1751 32 5 9
Richard_Gasquet FRA 1752 35 786 30
Rigele_Te CHN 1752 24 2 4
Rimpei_Kawakami JPN 1752 21 18 20
Rinky_Hijikata AUS 1752 21 199 31
Rio_Noguchi JPN 1752 23 68 42
Rishab_Agarwal IND 1752 26 12 23
Rishi_Reddy IND 1752 24 5 12
Robert_Cash USA 1752 21 3 2
Robert_Galloway USA 1752 29 4 2
Robert_Strombachs LAT 1752 22 23 34
Robertas_Vrzesinski LTU 1752 24 1 3
Roberto_Bautista_Agut ESP 1752 33 2060 27
Roberto_Carballés_Baena ESP 1752 29 805 38
Roberto_Cid DOM 1752 28 108 34
Roberto_Marcora ITA 1752 32 134 30
Roberto_Miceli ITA 1752 19 3 2
Roberto_Ortega-Olmedo ESP 1752 30 71 36
Roberto_Quiroz ECU 1752 30 140 42
Robin_Bertrand FRA 1752 19 20 22
Robin_Haase NED 1752 35 168 26
Robin_Stanek CZE 1752 27 17 14
Robin_Thour SWE 1752 27 1 2
Rodrigo_Echavarria COL 1752 25 2 6
Rodrigo_Nicolas_Montes_De_Oca_Murillo PER 1752 19 1 2
Rodrigo_Pacheco_Mendez MEX 1752 16 2 2
Rodrigo_Sanchez PER 1752 30 1 2
Roee_Benya ISR 1752 22 4 6
Roger_Federer SUI 1752 40 1120 6
Rogerio_Dutra_Silva BRA 1752 38 39 8
Roi_Ginat ISR 1752 21 3 10
Roland_Stuurman NED 1752 22 2 7
Romain_Bauvy FRA 1752 27 1 2
Romain_Faucon BEL 1752 19 5 12
Roman_Andres_Burruchaga ARG 1752 20 65 22
Roman_Boychuk UKR 1752 26 1 1
Roman_Safiullin RUS 1752 24 424 35
Ron_Ellouck ISR 1752 17 1 1
Ronald_Hohmann USA 1752 20 1 5
Ronald_Slobodchikov RUS 1752 28 21 12
Ronan_Jachuck USA 1752 20 4 4
Ronan_Joncour FRA 1752 25 9 15
Rowland_Phillips JAM 1752 28 3 7
Roy_Smith USA 1752 23 54 29
Rrezart_Cungu MNE 1752 23 23 14
Ruan_Roelofse RSA 1752 32 9 7
Ruben_Bemelmans BEL 1752 34 161 32
Rudolf_Molleker GER 1752 21 84 26
Runhao_Hua CHN 1752 26 6 11
Ryan_Harrison USA 1752 29 51 14
Ryan_James_Storrie GBR 1752 24 35 14
Ryan_Nijboer NED 1752 22 30 32
Ryan_Peniston GBR 1752 26 244 30
Ryan_Shane USA 1752 27 17 19
Ryohei_Tagata JPN 1752 22 2 1
Ryota_Tanuma JPN 1752 26 34 25
Ryotero_Matsumura JPN 1752 25 2 4
Ryuki_Matsuda JPN 1752 22 2 5
S_D_Prajwal_Dev IND 1752 25 20 16
S_Mert_Ozdemir TUR 1752 22 1 6
Saba_Purtseladze GEO 1752 20 26 22
Sabit_Suntic SRB 1752 21 1 7
Sadio_Doumbia FRA 1752 31 41 17
Sagadat_Ayap KAZ 1752 26 3 10
Sahar_Simon ISR 1752 21 12 11
Saida'Lo_Saidkarimov UZB 1752 24 6 8
Saketh_Myneni IND 1752 34 41 13
Salvatore_Caruso ITA 1752 29 378 29
Sam_Querrey USA 1752 34 585 19
Sam_Riffice USA 1752 23 61 8
Sam_Ryan_Ziegann AUS 1752 23 1 5
Sam_Taylor SWE 1752 24 1 4
Samir_Banerjee USA 1752 18 1 3
Samir_Hamza_Reguig ALG 1752 20 1 2
Samuel_Brosset FRA 1752 24 2 10
Samuel_Hodor SVK 1752 25 1 1
Samuel_Puskar SVK 1752 21 2 4
Samuel_Sanchez MEX 1752 19 1 1
Samuel_Vincent_Ruggeri ITA 1752 19 60 26
Samuele_Pieri ITA 1752 20 1 2
Samuele_Ramazzotti ITA 1752 23 7 5
Sandro_Ehrat SUI 1752 30 72 20
Sandro_Kopp AUT 1752 21 27 28
Sanetulla_Kutibaev UZB 1752 24 1 4
Sanhui_Shin KOR 1752 25 4 4
Sanjar_Fayziev UZB 1752 27 44 29
Santiago_Bramajo ARG 1752 21 2 2
Santiago_De_La_Fuente ARG 1752 20 13 11
Santiago_Fa_Rodriguez_Taverna ARG 1752 22 275 41
Santiago_Giraldo COL 1752 34 13 6
Sarp_Agabigun TUR 1752 24 9 24
Sascha_Gueymard_Wayenburg FRA 1752 18 36 14
Sasi_Kumar_Mukund IND 1752 25 105 35
Savriyan_Danilov RUS 1752 21 36 29
Savva_Polukhin RUS 1752 23 23 13
Scott_Duncan GBR 1752 27 3 9
Scott_Griekspoor NED 1752 31 16 11
Sean_Cuenin FRA 1752 18 28 18
Sean_Hess ARG 1752 21 3 9
Sean_Hodkin GBR 1752 23 2 10
Sean_Kamyshev ISR 1851 20 1 2
Sebastian_Baez ARG 1851 21 893 32
Sebastian_Dominko SLO 1851 18 2 5
Sebastian_Fanselow GER 1851 30 102 31
Sebastian_Gima ROU 1851 19 35 22
Sebastian_Korda USA 1851 21 1134 29
Sebastian_Ofner AUT 1851 25 247 26
Sebastian_Prechtel GER 1851 25 26 31
Sebastien_Boltz FRA 1851 29 2 3
Seita_Watanabe JPN 1851 21 10 17
Sekou_Bangoura USA 1851 30 36 26
Sem_Verbeek NED 1851 27 8 8
Seon_Yong_Han KOR 1851 21 3 5
Seong-Gook_Oh KOR 1851 29 4 6
Seong-chan_Hong KOR 1851 24 31 14
Sergei_Pogosian RUS 1851 23 5 9
Sergey_Fomin UZB 1851 21 23 30
Sergi_Perez_Contri ESP 1851 24 5 11
Sergio_Galdos PER 1851 32 4 3
Sergio_Luis_Hernandez_Ramirez COL 1851 22 1 4
Sergio_Martos_Gornes ESP 1851 27 5 6
Sergiy_Stakhovsky UKR 1851 36 188 23
Seung-Ri_Choi KOR 1851 31 1 2
Seydina_Andre SEN 1851 18 1 3
Shahar_Elbaz ISR 1851 25 2 6
Shaheed_Alam SGP 1851 23 1 3
Shahin_Khaledan IRI 1851 31 1 2
Shalva_Dzhanashiya RUS 1851 29 6 10
Shamirul_Shahril_Mohd_Adam_Das MAS 1851 21 1 4
Shao-Fan_Liu TPE 1851 25 4 5
Shay_Bar_Menahem ISR 1851 18 1 2
Sheil_Kotecha KEN 1851 22 3 6
Sheng_Hao_Zhou CHN 1851 25 1 6
Sherif_Makhlouf EGY 1851 23 1 7
Shi_Hong_Zeng CHN 1851 24 2 4
Shinji_Hazawa JPN 1851 22 10 8
Shinnosuke_Hiramatsu JPN 1851 25 1 6
Shintaro_Imai JPN 1851 28 71 27
Shintaro_Mochizuki JPN 1851 18 90 23
Sho_Katayama JPN 1851 32 2 3
Sho_Shimabukuro JPN 1851 24 91 26
Shohei_Chikami JPN 1851 23 2 6
Shonigmatjon_Shofayziyev UZB 1851 28 1 2
Shota_Tange JPN 1851 21 1 1
Shuichi_Sekiguchi JPN 1851 30 69 18
Shunrou_Takeshima JPN 1851 31 1 1
Shunsuke_Mitsui JPN 1851 19 3 4
Shunsuke_Wakita JPN 1851 26 1 4
Sidane_Pontjodikromo NED 1851 21 16 15
Siddanth_Banthia IND 1851 21 5 12
Siddharth_Vishwakarma IND 1851 27 5 4
Sidharth_Rawat IND 1851 28 70 21
Siim_Troost EST 1851 22 2 2
Simeon_Terziev BUL 1851 19 4 6
Simon_Anthony_Ivanov BUL 1851 21 19 23
Simon_Beaupain BEL 1851 22 20 25
Simon_Carr IRL 1851 22 34 20
Simon_Freund SWE 1851 25 12 21
Simon_Yitbarek SWE 1851 21 13 13
Simonas_Zukauskas LTU 1851 23 1 4
Simone_Agostini ITA 1851 25 1 2
Simone_Bolelli ITA 1851 36 3 1
Simone_Cacciapuoti ITA 1851 21 1 2
Simone_Roncalli ITA 1851 25 53 27
Siphosothando_Montsi RSA 1851 22 4 5
Skander_Mansouri TUN 1851 26 116 39
Soichiro_Moritani JPN 1851 27 6 8
Soon_Woo_Kwon KOR 1851 24 858 29
Sora_Fukuda JPN 1851 24 6 9
Spencer_Papa USA 1851 26 1 1
Stamatis_Kapiris GRE 1851 22 1 3
Stan_Wawrinka SUI 1851 37 232 10
Stefan_Kozlov USA 1851 24 543 29
Stefan_Micov MKD 1851 29 5 9
Stefan_Palosi ROU 1851 22 46 22
Stefan_Popovic SRB 1851 18 2 9
Stefan_Seifert GER 1851 37 2 1
Stefan_Simeunovic CAN 1851 17 1 1
Stefan_Vujic AUS 1851 24 1 1
Stefano_Battaglino ITA 1851 23 17 27
Stefano_Napolitano ITA 1851 27 51 24
Stefano_Reitano ITA 1851 24 1 4
Stefano_Travaglia ITA 1851 30 614 41
Stefanos_Sakellaridis GRE 1851 17 5 12
Stefanos_Tsitsipas GRE 1851 23 5980 26
Steve_Darcis BEL 1851 38 36 9
Steve_Johnson USA 1851 32 652 29
Steven_Diez CAN 1851 31 166 37
Strahinja_Rakic SRB 1851 26 1 3
Strong_Kirchheimer USA 1851 26 50 35
Stuart_Parker GBR 1851 24 50 21
Stylianos_Christodoulou CYP 1851 17 3 2
Sumit_Nagal IND 1851 24 199 24
Sumit_Sarkar USA 1851 22 8 6
Sung_Hun_Kim KOR 1851 26 1 4
Sung_Jun_Park KOR 1851 28 1 2
Suraj_R_Prabodh IND 1851 27 2 7
Sven_Lah SLO 1851 23 5 3
Svyatoslav_Gulin RUS 1851 19 2 2
Sylvester_Emmanuel NGR 1851 24 1 2
Szymon_Kielan POL 1851 19 12 11
Szymon_Walkow POL 1851 26 2 1
Tadas_Babelis LTU 1851 25 5 6
Tadeas_Paroulek CZE 1851 22 11 16
Tae-Woo_Lee KOR 1851 30 1 3
Taha_Baadi CAN 1851 20 11 5
Taisei_Ichikawa JPN 1851 21 7 18
Taiyo_Yamanaka JPN 1851 20 10 13
Tak_Khunn_Wang FRA 1851 30 45 18
Takanyi_Garanganga ZIM 1851 31 12 8
Takashi_Saito JPN 1961 27 7 13
Takuto_Niki JPN 1961 34 20 26
Takuya_Kumasaka JPN 1961 23 3 3
Tallon_Griekspoor NED 1961 25 957 35
Tao_Mu CHN 1961 21 8 10
Taro_Daniel JPN 1961 29 654 32
Tatsuma_Ito JPN 1961 33 116 20
Taylor_Fritz USA 1961 24 2875 30
Tennys_Sandgren USA 1961 30 378 32
Teodor_Giusca ROU 1961 22 1 1
Terence_Atmane FRA 1961 20 54 28
Terence_Das IND 1961 20 1 4
Teun_Rozenberg NED 1961 18 1 1
Teymuraz_Gabashvili RUS 1961 36 104 31
Thai-Son_Kwiatkowski USA 1961 27 145 24
Thanapet_Chanta THA 1961 22 1 6
Thanasi_Kokkinakis AUS 1961 26 757 22
Thantub_Suksumrarn THA 1961 20 1 1
Theo_Papamalamis FRA 1961 16 1 2
Thiago_Agustin_Tirante ARG 1961 21 306 29
Thiago_Cigarran ARG 1961 22 2 4
Thiago_Monteiro BRA 1961 27 596 33
Thiago_Seyboth_Wild BRA 1961 22 243 35
Thiemo_de_Bakker NED 1961 33 2 8
Thomas_Bosancic AUS 1961 21 1 1
Thomas_Deschamps FRA 1961 23 11 15
Thomas_Fabbiano ITA 1961 32 331 34
Thomas_Fancutt AUS 1961 27 41 31
Thomas_Laurent FRA 1961 24 3 4
Thomas_Pavlekovich_Smith AUS 1961 20 1 1
Thomaz_Bellucci BRA 1961 34 26 11
Ti_Chen TPE 1961 38 4 4
Tiago_Cacao POR 1961 24 49 39
Tibo_Colson BEL 1961 21 8 13
Tim_Handel GER 1961 25 54 25
Tim_Heger GER 1961 22 3 16
Tim_Sandkaulen GER 1961 24 3 6
Tim_Smyczek USA 1961 34 33 6
Tim_Van_Rijthoven NED 1961 24 323 37
Timo_Legout FRA 1961 20 24 17
Timo_Stodder GER 1961 25 68 23
Timofey_Skatov KAZ 1961 21 304 39
Timur_Khabibulin KAZ 1961 26 2 6
Timur_Kiuamov RUS 1961 25 5 11
Timur_Maulenov KAZ 1961 21 1 7
Titouan_Droguet FRA 1961 20 82 21
Tobias_Franco ARG 1961 20 1 4
Tobias_Kamke GER 1961 35 154 27
Tobias_Simon GER 1961 30 47 38
Toby_Alex_Kodat USA 1961 19 27 18
Toby_D._Boyer USA 1961 25 3 10
Toby_Martin GBR 1961 29 16 25
Toby_Samuel GBR 1961 19 1 2
Tom_Evans AUS 1961 21 1 2
Tom_Fawcett USA 1961 26 1 3
Tom_Gentzsch GER 1961 18 3 6
Tom_Jomby FRA 1961 31 21 13
Tom_Kocevar-Desman SLO 1961 31 18 15
Tom_Pisane BEL 1961 21 4 8
Tomas_Curras_Abasolo ESP 1961 21 2 3
Tomas_Farjat ARG 1961 21 32 20
Tomas_Jirousek CZE 1961 22 13 14
Tomas_Lipovsek_Puches SLO 1961 28 33 22
Tomas_Liska SVK 1961 23 7 7
Tomas_Machac CZE 1961 21 416 30
Tomas_Martin_Etcheverry ARG 1961 22 714 41
Tomislav_Brkic BIH 1961 32 21 11
Tomislav_Jotovski MKD 1961 31 6 20
Tommaso_Compagnucci ITA 1961 22 15 10
Tommy_Paul USA 1961 24 1298 34
Tommy_Robredo ESP 1961 39 118 14
Tomohiro_Masabayashi JPN 1961 24 1 7
Toshihide_Matsui JPN 1961 43 9 3
Toufik_Sahtali ALG 1961 23 1 2
Trent_Bryde USA 1961 22 3 7
Trey_Hilderbrand USA 2036 21 1 3
Tristan_Boyer USA 2036 20 16 8
Tristan_Lamasine FRA 2036 29 163 34
Tristan_McCormick USA 2036 23 11 5
Tristan_Schoolkate AUS 2036 21 64 22
Tsung-Hao_Huang TPE 2036 22 15 21
Tsung-Hua_Yang TPE 2036 31 39 15
Tuki_Jacobs NAM 2036 27 2 4
Tuncay_Duran TUR 2036 17 1 1
Tung-Lin_Wu TPE 2036 23 162 30
Tuur_Heuvinck BEL 2036 24 1 1
Tyler_Lu USA 2036 26 2 2
Tyler_Mercier USA 2036 30 3 6
Tyler_Zink USA 2036 21 3 9
Ugo_Blanchet FRA 2036 23 57 27
Ugo_Humbert FRA 2036 23 1078 29
Uisung_Park KOR 2036 21 30 19
Uladzimir_Ignatik BLR 2036 31 72 33
Ulises_Blanch USA 2036 24 136 25
Umut_Akkoyun TUR 2036 21 1 13
Vaclav_Safranek CZE 2036 27 35 16
Vadym_Ursu UKR 2036 25 1 2
Valentin_Guenther GER 2036 24 6 8
Valentin_Lapalu FRA 2036 20 6 5
Valentin_Royer FRA 2036 20 58 24
Valentin_Vacherot MON 2036 23 106 28
Valentin_Vanta ROU 2036 24 1 10
Valerio_Aboian ARG 2036 19 24 18
Vasek_Pospisil CAN 2036 31 479 22
Vasil_Kirkov USA 2036 23 62 24
Vasile-Alexandru_Ghilea ROU 2036 28 1 1
Vasile_Antonescu ROU 2036 32 4 7
Vasilios_Caripi RSA 2036 30 1 3
Vasko_Mladenov BUL 2036 32 2 2
Vaughn_Hunter RSA 2036 27 4 3
Veljko_Krstic SRB 2036 18 1 2
Viacheslav_Bielinskyi UKR 2036 18 10 5
Viacheslav_Yulik RUS 2036 21 1 3
Victor_Estrella_Burgos DOM 2036 41 3 4
Victor_Lilov USA 2036 18 14 12
Victor_Nunez CHI 2036 30 6 5
Viktor_Durasovic NOR 2036 25 145 36
Viktor_Galovic CRO 2036 31 45 20
Viktor_Jovic SRB 2036 20 18 22
Viktor_Nikitin RUS 2036 24 1 1
Viktor_Troicki SRB 2036 36 189 14
Vilius_Gaubas LTU 2036 17 4 10
Vincent_Millot FRA 2036 36 3 3
Vincent_Stouff FRA 2036 35 1 2
Vishnu_Vardhan IND 2036 34 5 5
Vit_Kopriva CZE 2086 24 385 43
Vitaliy_Sachko UKR 2086 24 211 37
Vivien_Versier FRA 2086 24 2 6
Vlad_Andrei_Dancu ROU 2086 23 13 18
Vlad_Andrei_Dumitru ROU 2086 24 1 7
Vlad_Victor_Cornea ROU 2086 28 9 13
Vladan_Tadic BIH 2086 21 1 2
Vladimir_Filip ROU 2086 26 1 3
Vladimir_Ivanov EST 2086 35 12 21
Vladimir_Korolev RUS 2086 26 5 14
Vladimir_Uzhylovsky UKR 2086 34 12 22
Vladislav_Ivanov RUS 2086 22 15 15
Vladislav_Melnic ROU 2086 22 1 7
Vladyslav_Gorodynskyi UKR 2086 24 1 2
Vladyslav_Manafov UKR 2086 28 20 23
Vladyslav_Orlov UKR 2086 26 66 34
Vuk_Budic USA 2086 23 1 2
Warren_Wood USA 2086 28 2 3
Wei-De_Lin TPE 2086 26 4 6
Wei_Qiang_Zheng CHN 2086 25 4 9
Wil_Spencer USA 2086 32 1 1
Wilfredo_Gonzalez GUA 2086 29 4 5
William_Blumberg USA 2086 24 21 4
William_Bushamuka USA 2086 26 7 14
William_Griffith USA 2086 26 6 14
William_Ma AUS 2086 26 2 6
Wilson_Leite BRA 2086 30 45 40
Wishaya_Trongcharoenchaikul THA 2086 27 13 22
Wissam_Abderrahman TUN 2086 18 7 15
Wojciech_Marek POL 2086 20 8 10
Xavi_Matas_Ortega ESP 2086 19 1 4
Xavier_Gabarro ESP 2086 22 2 3
Xiaofei_Wang CHN 2086 19 3 3
Xin_Gao CHN 2086 27 11 11
Yair_Sarouk ISR 2120 20 1 2
Yamato_Sueoka JPN 2120 19 3 3
Yan_Bai CHN 2120 32 91 14
Yan_Bondarevskiy RUS 2120 22 92 36
Yan_Sabanin RUS 2120 32 12 23
Yanais_Laurent FRA 2120 29 6 12
Yanaki_Milev BUL 2120 17 1 3
Yankel_Zemel ISR 2120 23 4 8
Yanki_Erel TUR 2120 21 86 24
Yann_Marti SUI 2120 33 3 4
Yann_Wojcik POL 2120 25 16 16
Yannick_Hanfmann GER 2120 30 574 30
Yannick_Jankovits FRA 2120 35 1 1
Yannick_Maden GER 2120 32 41 22
Yannick_Mertens BEL 2120 34 36 27
Yannick_Vandenbulcke BEL 2120 31 3 1
Yannick_Wunderlich GER 2120 18 1 2
Yannik_Reuter BEL 2120 31 1 2
Yannik_Steinegger SUI 2120 21 6 18
Yaraslav_Shyla BLR 2120 29 1 4
Yassir_Kilani MAR 2120 21 3 10
Yasunori_Hashikawa JPN 2120 23 2 1
Yasutaka_Uchiyama JPN 2120 29 208 30
Ye_Cong_Mo CHN 2120 21 5 6
Yecong_He CHN 2120 28 13 9
Yen-Hsun_Lu TPE 2120 38 20 3
Yeong-Seok_Jeong KOR 2120 22 4 5
Yeudy_Villar DOM 2120 21 1 6
Yibing_Wu CHN 2120 22 1 1
Yong-Kyu_Lim KOR 2149 30 3 3
Yoshihito_Nishioka JPN 2149 26 756 31
Yosuke_Watanuki JPN 2149 23 183 29
Youcef_Rihane ALG 2149 20 1 7
Younes_Lalami_Laaroussi MAR 2149 20 1 2
Young-Hoon_Jeong KOR 2149 32 2 2
Young_Seok_Kim KOR 2149 26 1 3
Yshai_Oliel ISR 2149 22 133 36
Yu_Hsiou_Hsu TPE 2149 23 119 37
Yuanfeng_Li CHN 2149 28 6 7
Yuichi_Sugita JPN 2149 33 206 18
Yuichiro_Inui JPN 2149 27 3 8
Yuki_Bhambri IND 2149 29 38 3
Yuki_Mochizuki JPN 2149 24 60 21
Yunseong_Chung KOR 2149 24 113 26
Yurii_Dzhavakian UKR 2149 28 4 7
Yusuke_Takahashi JPN 2149 24 45 30
Yuta_Kawahashi JPN 2149 24 10 7
Yuta_Kikuchi JPN 2149 22 5 6
Yuta_Shimizu JPN 2149 22 58 22
Yuya_Ito JPN 2149 25 2 1
Yvo_Panak CZE 2149 26 3 5
Zachary_Eisinga NED 2171 22 4 9
Zachary_Svajda USA 2171 19 108 17
Zack_Viiala AUS 2171 16 1 1
Zakhar_Trapeznikov RUS 2171 24 2 7
Zane_Khan USA 2171 20 57 9
Zdenek_Kolar CZE 2171 25 446 42
Ze_Zhang CHN 2177 31 15 10
Zhao_Zhao CHN 2177 22 1 1
Zhe_Li CHN 2177 35 48 15
Zhizhen_Zhang CHN 2177 25 155 25
Zihao_Xia CHN 2181 25 4 10
Zizou_Bergs BEL 2181 22 296 29
Zsombor_Piros HUN 2181 22 258 31
Zsombor_Velcz HUN 2184 19 18 16
Zura_Tkemaladze GEO 2185 21 6 13

cpu time used to sort the array: 0.026456 seconds.
